#
# There is insufficient memory for the Java Runtime Environment to continue.
# Native memory allocation (malloc) failed to allocate 168256 bytes for Chunk::new
# Possible reasons:
#   The system is out of physical RAM or swap space
#   The process is running with CompressedOops enabled, and the Java Heap may be blocking the growth of the native heap
# Possible solutions:
#   Reduce memory load on the system
#   Increase physical memory or swap space
#   Check if swap backing store is full
#   Decrease Java heap size (-Xmx/-Xms)
#   Decrease number of Java threads
#   Decrease Java thread stack sizes (-Xss)
#   Set larger code cache with -XX:ReservedCodeCacheSize=
#   JVM is running with Unscaled Compressed Oops mode in which the Java heap is
#     placed in the first 4GB address space. The Java Heap base address is the
#     maximum limit for the native heap growth. Please use -XX:HeapBaseMinAddress
#     to set the Java Heap base and to place the Java Heap above 4GB virtual address.
# This output file may be truncated or incomplete.
#
#  Out of Memory Error (allocation.cpp:389), pid=12580, tid=0x0000000000002ec0
#
# JRE version: Java(TM) SE Runtime Environment (8.0_202-b08) (build 1.8.0_202-b08)
# Java VM: Java HotSpot(TM) 64-Bit Server VM (25.202-b08 mixed mode windows-amd64 compressed oops)
# Failed to write core dump. Minidumps are not enabled by default on client versions of Windows
#

---------------  T H R E A D  ---------------

Current thread (0x0000000017ddd800):  JavaThread "C2 CompilerThread1" daemon [_thread_in_native, id=11968, stack(0x0000000019630000,0x0000000019730000)]

Stack: [0x0000000019630000,0x0000000019730000]
[error occurred during error reporting (printing stack bounds), id 0xc0000005]

Native frames: (J=compiled Java code, j=interpreted, Vv=VM code, C=native code)


Current CompileTask:
C2:   1679  797  s    4       sun.misc.URLClassPath::getNextLoader (88 bytes)


---------------  P R O C E S S  ---------------

Java Threads: ( => current thread )
  0x0000000019afd000 JavaThread "Thread-3" daemon [_thread_in_native, id=4676, stack(0x00000000222d0000,0x00000000223d0000)]
  0x0000000019ae3800 JavaThread "JavaFX-Launcher" [_thread_blocked, id=424, stack(0x00000000223d0000,0x00000000224d0000)]
  0x0000000019acd000 JavaThread "JavaFX Application Thread" [_thread_in_Java, id=20228, stack(0x000000001aef0000,0x000000001aff0000)]
  0x0000000019ab8800 JavaThread "Thread-1" daemon [_thread_blocked, id=1408, stack(0x000000001adf0000,0x000000001aef0000)]
  0x0000000019acc000 JavaThread "QuantumRenderer-0" daemon [_thread_blocked, id=21424, stack(0x000000001a000000,0x000000001a100000)]
  0x0000000017e2e800 JavaThread "Service Thread" daemon [_thread_blocked, id=20084, stack(0x0000000019c30000,0x0000000019d30000)]
  0x0000000017e28800 JavaThread "C1 CompilerThread2" daemon [_thread_blocked, id=20696, stack(0x0000000019b30000,0x0000000019c30000)]
=>0x0000000017ddd800 JavaThread "C2 CompilerThread1" daemon [_thread_in_native, id=11968, stack(0x0000000019630000,0x0000000019730000)]
  0x0000000017dda000 JavaThread "C2 CompilerThread0" daemon [_thread_in_native, id=21064, stack(0x0000000019530000,0x0000000019630000)]
  0x0000000017dd6800 JavaThread "Attach Listener" daemon [_thread_blocked, id=20664, stack(0x0000000019430000,0x0000000019530000)]
  0x0000000017dd5000 JavaThread "Signal Dispatcher" daemon [_thread_blocked, id=19800, stack(0x0000000019330000,0x0000000019430000)]
  0x000000000337c000 JavaThread "Finalizer" daemon [_thread_blocked, id=21472, stack(0x0000000019030000,0x0000000019130000)]
  0x0000000003373000 JavaThread "Reference Handler" daemon [_thread_blocked, id=22516, stack(0x0000000018f30000,0x0000000019030000)]
  0x0000000003282800 JavaThread "main" [_thread_blocked, id=21860, stack(0x0000000003080000,0x0000000003180000)]

Other Threads:
  0x0000000017d97800 VMThread [stack: 0x0000000018e30000,0x0000000018f30000] [id=6692]
  0x0000000019742800 WatcherThread [stack: 0x0000000019d30000,0x0000000019e30000] [id=3860]

VM state:not at safepoint (normal execution)

VM Mutex/Monitor currently owned by a thread: None

heap address: 0x0000000083200000, size: 1998 MB, Compressed Oops mode: 32-bit
Narrow klass base: 0x0000000000000000, Narrow klass shift: 3
Compressed class space size: 1073741824 Address: 0x0000000100000000

Heap:
 PSYoungGen      total 37888K, used 23662K [0x00000000d6600000, 0x00000000d9000000, 0x0000000100000000)
  eden space 32768K, 72% used [0x00000000d6600000,0x00000000d7d1b8b8,0x00000000d8600000)
  from space 5120K, 0% used [0x00000000d8b00000,0x00000000d8b00000,0x00000000d9000000)
  to   space 5120K, 0% used [0x00000000d8600000,0x00000000d8600000,0x00000000d8b00000)
 ParOldGen       total 86016K, used 0K [0x0000000083200000, 0x0000000088600000, 0x00000000d6600000)
  object space 86016K, 0% used [0x0000000083200000,0x0000000083200000,0x0000000088600000)
 Metaspace       used 12075K, capacity 12464K, committed 12800K, reserved 1062912K
  class space    used 1652K, capacity 1770K, committed 1792K, reserved 1048576K

Card table byte_map: [0x0000000012740000,0x0000000012b30000] byte_map_base: 0x0000000012327000

Marking Bits: (ParMarkBitMap*) 0x0000000053525ce0
 Begin Bits: [0x00000000131d0000, 0x0000000015108000)
 End Bits:   [0x0000000015108000, 0x0000000017040000)

Polling page: 0x0000000001460000

CodeCache: size=245760Kb used=3076Kb max_used=3076Kb free=242683Kb
 bounds [0x0000000003380000, 0x0000000003690000, 0x0000000012380000]
 total_blobs=1278 nmethods=796 adapters=395
 compilation: enabled

Compilation events (10 events):
Event: 1.659 Thread 0x0000000017e28800  793       1       com.sun.javafx.css.SelectorPartitioning$Partition::access$1400 (5 bytes)
Event: 1.659 Thread 0x0000000017e28800 nmethod 793 0x0000000003680550 code [0x00000000036806a0, 0x0000000003680790]
Event: 1.659 Thread 0x0000000017e28800  794       3       java.util.HashMap$ValueIterator::next (8 bytes)
Event: 1.659 Thread 0x0000000017e28800 nmethod 794 0x0000000003680110 code [0x0000000003680280, 0x0000000003680488]
Event: 1.660 Thread 0x0000000017e28800  795       3       com.sun.javafx.css.StyleClassSet::containsAll (6 bytes)
Event: 1.660 Thread 0x0000000017e28800 nmethod 795 0x000000000367fd90 code [0x000000000367ff00, 0x0000000003680088]
Event: 1.666 Thread 0x0000000017e28800  796       3       java.util.HashMap::get (23 bytes)
Event: 1.666 Thread 0x0000000017e28800 nmethod 796 0x0000000003681050 code [0x00000000036811e0, 0x00000000036815d8]
Event: 1.671 Thread 0x0000000017ddd800  797  s    4       sun.misc.URLClassPath::getNextLoader (88 bytes)
Event: 1.672 Thread 0x0000000017dda000  798  s!   4       sun.misc.URLClassPath::getLoader (243 bytes)

GC Heap History (0 events):
No events

Deoptimization events (7 events):
Event: 1.112 Thread 0x0000000019acd000 Uncommon trap: reason=unstable_if action=reinterpret pc=0x0000000003532c4c method=java.lang.String.replace(CC)Ljava/lang/String; @ 26
Event: 1.133 Thread 0x0000000019acd000 Uncommon trap: reason=unstable_if action=reinterpret pc=0x0000000003549a04 method=java.lang.String.indexOf([CII[CIII)I @ 134
Event: 1.347 Thread 0x0000000019acd000 Uncommon trap: reason=unstable_if action=reinterpret pc=0x00000000035fc76c method=java.io.BufferedInputStream.read()I @ 8
Event: 1.359 Thread 0x0000000019acd000 Uncommon trap: reason=unstable_if action=reinterpret pc=0x0000000003606694 method=java.util.HashMap.getNode(ILjava/lang/Object;)Ljava/util/HashMap$Node; @ 84
Event: 1.369 Thread 0x0000000019acd000 Uncommon trap: reason=unstable_if action=reinterpret pc=0x0000000003621294 method=java.util.HashMap.getNode(ILjava/lang/Object;)Ljava/util/HashMap$Node; @ 62
Event: 1.420 Thread 0x0000000019acd000 Uncommon trap: reason=unstable_if action=reinterpret pc=0x000000000354a668 method=java.lang.String.startsWith(Ljava/lang/String;I)Z @ 25
Event: 1.655 Thread 0x0000000019acd000 Uncommon trap: reason=unstable_if action=reinterpret pc=0x0000000003661794 method=java.util.HashMap.hash(Ljava/lang/Object;)I @ 1

Classes redefined (0 events):
No events

Internal exceptions (10 events):
Event: 1.151 Thread 0x0000000019acd000 Exception <a 'java/security/PrivilegedActionException'> (0x00000000d7183788) thrown at [C:\re\workspace\8-2-build-windows-amd64-cygwin\jdk8u202\12323\hotspot\src\share\vm\prims\jvm.cpp, line 1502]
Event: 1.151 Thread 0x0000000019acd000 Exception <a 'java/security/PrivilegedActionException'> (0x00000000d7183b80) thrown at [C:\re\workspace\8-2-build-windows-amd64-cygwin\jdk8u202\12323\hotspot\src\share\vm\prims\jvm.cpp, line 1502]
Event: 1.151 Thread 0x0000000019acd000 Exception <a 'java/security/PrivilegedActionException'> (0x00000000d7185098) thrown at [C:\re\workspace\8-2-build-windows-amd64-cygwin\jdk8u202\12323\hotspot\src\share\vm\prims\jvm.cpp, line 1502]
Event: 1.151 Thread 0x0000000019acd000 Exception <a 'java/security/PrivilegedActionException'> (0x00000000d7185490) thrown at [C:\re\workspace\8-2-build-windows-amd64-cygwin\jdk8u202\12323\hotspot\src\share\vm\prims\jvm.cpp, line 1502]
Event: 1.260 Thread 0x0000000019acd000 Exception <a 'java/lang/NullPointerException'> (0x00000000d7395158) thrown at [C:\re\workspace\8-2-build-windows-amd64-cygwin\jdk8u202\12323\hotspot\src\share\vm\interpreter\linkResolver.cpp, line 1185]
Event: 1.261 Thread 0x0000000019acd000 Exception <a 'java/lang/NullPointerException'> (0x00000000d7395158) thrown at [C:\re\workspace\8-2-build-windows-amd64-cygwin\jdk8u202\12323\hotspot\src\share\vm\prims\jvm.cpp, line 1506]
Event: 1.431 Thread 0x0000000019acd000 Exception <a 'java/lang/ArrayIndexOutOfBoundsException'> (0x00000000d786ab80) thrown at [C:\re\workspace\8-2-build-windows-amd64-cygwin\jdk8u202\12323\hotspot\src\share\vm\runtime\sharedRuntime.cpp, line 605]
Event: 1.432 Thread 0x0000000019acd000 Exception <a 'java/lang/ArrayIndexOutOfBoundsException'> (0x00000000d786b880) thrown at [C:\re\workspace\8-2-build-windows-amd64-cygwin\jdk8u202\12323\hotspot\src\share\vm\runtime\sharedRuntime.cpp, line 605]
Event: 1.432 Thread 0x0000000019acd000 Exception <a 'java/lang/ArrayIndexOutOfBoundsException'> (0x00000000d786cc28) thrown at [C:\re\workspace\8-2-build-windows-amd64-cygwin\jdk8u202\12323\hotspot\src\share\vm\runtime\sharedRuntime.cpp, line 605]
Event: 1.655 Thread 0x0000000019acd000 Implicit null exception at 0x0000000003661575 to 0x0000000003661785

Events (10 events):
Event: 1.671 loading class com/sun/javafx/scene/layout/region/RepeatStruct
Event: 1.671 loading class com/sun/javafx/scene/layout/region/RepeatStruct done
Event: 1.671 loading class javafx/scene/layout/BackgroundPosition
Event: 1.671 loading class javafx/scene/layout/BackgroundPosition done
Event: 1.671 loading class javafx/geometry/Side
Event: 1.671 loading class javafx/geometry/Side done
Event: 1.672 loading class javafx/scene/layout/BackgroundSize
Event: 1.672 loading class javafx/scene/layout/BackgroundSize done
Event: 1.676 loading class com/sun/javafx/scene/layout/region/Margins$Holder
Event: 1.676 loading class com/sun/javafx/scene/layout/region/Margins$Holder done


Dynamic libraries:
0x00007ff748a10000 - 0x00007ff748a47000 	C:\Program Files\Java\jdk1.8.0_202\jre\bin\java.exe
0x00007ffd3ad30000 - 0x00007ffd3af46000 	C:\WINDOWS\SYSTEM32\ntdll.dll
0x00007ffd39ad0000 - 0x00007ffd39b94000 	C:\WINDOWS\System32\KERNEL32.DLL
0x00007ffd38640000 - 0x00007ffd389e7000 	C:\WINDOWS\System32\KERNELBASE.dll
0x00007ffd38a60000 - 0x00007ffd38b12000 	C:\WINDOWS\System32\ADVAPI32.dll
0x00007ffd3a3e0000 - 0x00007ffd3a487000 	C:\WINDOWS\System32\msvcrt.dll
0x00007ffd38d40000 - 0x00007ffd38de8000 	C:\WINDOWS\System32\sechost.dll
0x00007ffd380f0000 - 0x00007ffd38118000 	C:\WINDOWS\System32\bcrypt.dll
0x00007ffd38f10000 - 0x00007ffd39025000 	C:\WINDOWS\System32\RPCRT4.dll
0x00007ffd38b20000 - 0x00007ffd38cce000 	C:\WINDOWS\System32\USER32.dll
0x00007ffd38120000 - 0x00007ffd38146000 	C:\WINDOWS\System32\win32u.dll
0x00007ffd39190000 - 0x00007ffd391b9000 	C:\WINDOWS\System32\GDI32.dll
0x00007ffd384a0000 - 0x00007ffd385b9000 	C:\WINDOWS\System32\gdi32full.dll
0x00007ffd38050000 - 0x00007ffd380ea000 	C:\WINDOWS\System32\msvcp_win.dll
0x00007ffd38150000 - 0x00007ffd38261000 	C:\WINDOWS\System32\ucrtbase.dll
0x00007ffd1ccd0000 - 0x00007ffd1cf63000 	C:\WINDOWS\WinSxS\amd64_microsoft.windows.common-controls_6595b64144ccf1df_6.0.22621.3235_none_270f74e173860f98\COMCTL32.dll
0x00007ffd38cf0000 - 0x00007ffd38d21000 	C:\WINDOWS\System32\IMM32.DLL
0x0000000054ef0000 - 0x0000000054fc2000 	C:\Program Files\Java\jdk1.8.0_202\jre\bin\msvcr100.dll
0x0000000052d00000 - 0x00000000535a5000 	C:\Program Files\Java\jdk1.8.0_202\jre\bin\server\jvm.dll
0x00007ffd38d30000 - 0x00007ffd38d38000 	C:\WINDOWS\System32\PSAPI.DLL
0x00007ffd0b3c0000 - 0x00007ffd0b3c9000 	C:\WINDOWS\SYSTEM32\WSOCK32.dll
0x00007ffd3abf0000 - 0x00007ffd3ac61000 	C:\WINDOWS\System32\WS2_32.dll
0x00007ffd2d610000 - 0x00007ffd2d644000 	C:\WINDOWS\SYSTEM32\WINMM.dll
0x00007ffd285a0000 - 0x00007ffd285aa000 	C:\WINDOWS\SYSTEM32\VERSION.dll
0x00007ffd33290000 - 0x00007ffd3329f000 	C:\Program Files\Java\jdk1.8.0_202\jre\bin\verify.dll
0x00007ffd28920000 - 0x00007ffd28949000 	C:\Program Files\Java\jdk1.8.0_202\jre\bin\java.dll
0x00007ffd28900000 - 0x00007ffd28916000 	C:\Program Files\Java\jdk1.8.0_202\jre\bin\zip.dll
0x00007ffd391e0000 - 0x00007ffd39a3c000 	C:\WINDOWS\System32\SHELL32.dll
0x00007ffd35f80000 - 0x00007ffd36879000 	C:\WINDOWS\SYSTEM32\windows.storage.dll
0x00007ffd3a590000 - 0x00007ffd3a918000 	C:\WINDOWS\System32\combase.dll
0x00007ffd35e40000 - 0x00007ffd35f7e000 	C:\WINDOWS\SYSTEM32\wintypes.dll
0x00007ffd38e10000 - 0x00007ffd38f03000 	C:\WINDOWS\System32\SHCORE.dll
0x00007ffd3ab90000 - 0x00007ffd3abee000 	C:\WINDOWS\System32\shlwapi.dll
0x00007ffd37f80000 - 0x00007ffd37fa1000 	C:\WINDOWS\SYSTEM32\profapi.dll
0x00000000031c0000 - 0x00000000031c3000 	C:\Program Files\Java\jdk1.8.0_202\jre\bin\api-ms-win-core-console-l1-1-0.dll
0x00000000031d0000 - 0x00000000031d3000 	C:\Program Files\Java\jdk1.8.0_202\jre\bin\api-ms-win-core-datetime-l1-1-0.dll
0x00000000031e0000 - 0x00000000031e3000 	C:\Program Files\Java\jdk1.8.0_202\jre\bin\api-ms-win-core-debug-l1-1-0.dll
0x00000000031f0000 - 0x00000000031f3000 	C:\Program Files\Java\jdk1.8.0_202\jre\bin\api-ms-win-core-errorhandling-l1-1-0.dll
0x0000000003200000 - 0x0000000003204000 	C:\Program Files\Java\jdk1.8.0_202\jre\bin\api-ms-win-core-file-l1-1-0.dll
0x0000000003210000 - 0x0000000003213000 	C:\Program Files\Java\jdk1.8.0_202\jre\bin\api-ms-win-core-file-l1-2-0.dll
0x0000000003220000 - 0x0000000003223000 	C:\Program Files\Java\jdk1.8.0_202\jre\bin\api-ms-win-core-file-l2-1-0.dll
0x0000000003230000 - 0x0000000003233000 	C:\Program Files\Java\jdk1.8.0_202\jre\bin\api-ms-win-core-handle-l1-1-0.dll
0x0000000003240000 - 0x0000000003243000 	C:\Program Files\Java\jdk1.8.0_202\jre\bin\api-ms-win-core-heap-l1-1-0.dll
0x0000000003250000 - 0x0000000003253000 	C:\Program Files\Java\jdk1.8.0_202\jre\bin\api-ms-win-core-interlocked-l1-1-0.dll
0x0000000003260000 - 0x0000000003263000 	C:\Program Files\Java\jdk1.8.0_202\jre\bin\api-ms-win-core-libraryloader-l1-1-0.dll
0x0000000019e30000 - 0x0000000019e33000 	C:\Program Files\Java\jdk1.8.0_202\jre\bin\api-ms-win-core-localization-l1-2-0.dll
0x0000000019e40000 - 0x0000000019e43000 	C:\Program Files\Java\jdk1.8.0_202\jre\bin\api-ms-win-core-memory-l1-1-0.dll
0x0000000019e50000 - 0x0000000019e53000 	C:\Program Files\Java\jdk1.8.0_202\jre\bin\api-ms-win-core-namedpipe-l1-1-0.dll
0x0000000019e60000 - 0x0000000019e63000 	C:\Program Files\Java\jdk1.8.0_202\jre\bin\api-ms-win-core-processenvironment-l1-1-0.dll
0x0000000019e70000 - 0x0000000019e73000 	C:\Program Files\Java\jdk1.8.0_202\jre\bin\api-ms-win-core-processthreads-l1-1-0.dll
0x0000000019e80000 - 0x0000000019e83000 	C:\Program Files\Java\jdk1.8.0_202\jre\bin\api-ms-win-core-processthreads-l1-1-1.dll
0x0000000019e90000 - 0x0000000019e93000 	C:\Program Files\Java\jdk1.8.0_202\jre\bin\api-ms-win-core-profile-l1-1-0.dll
0x0000000019ea0000 - 0x0000000019ea3000 	C:\Program Files\Java\jdk1.8.0_202\jre\bin\api-ms-win-core-rtlsupport-l1-1-0.dll
0x0000000019eb0000 - 0x0000000019eb3000 	C:\Program Files\Java\jdk1.8.0_202\jre\bin\api-ms-win-core-string-l1-1-0.dll
0x0000000019ec0000 - 0x0000000019ec3000 	C:\Program Files\Java\jdk1.8.0_202\jre\bin\api-ms-win-core-synch-l1-1-0.dll
0x0000000019ed0000 - 0x0000000019ed3000 	C:\Program Files\Java\jdk1.8.0_202\jre\bin\api-ms-win-core-synch-l1-2-0.dll
0x0000000019ee0000 - 0x0000000019ee3000 	C:\Program Files\Java\jdk1.8.0_202\jre\bin\api-ms-win-core-sysinfo-l1-1-0.dll
0x0000000019ef0000 - 0x0000000019ef3000 	C:\Program Files\Java\jdk1.8.0_202\jre\bin\api-ms-win-core-timezone-l1-1-0.dll
0x0000000019f00000 - 0x0000000019f03000 	C:\Program Files\Java\jdk1.8.0_202\jre\bin\api-ms-win-core-util-l1-1-0.dll
0x0000000019f10000 - 0x0000000019f13000 	C:\Program Files\Java\jdk1.8.0_202\jre\bin\api-ms-win-crt-conio-l1-1-0.dll
0x0000000019f20000 - 0x0000000019f24000 	C:\Program Files\Java\jdk1.8.0_202\jre\bin\api-ms-win-crt-convert-l1-1-0.dll
0x0000000019f30000 - 0x0000000019f33000 	C:\Program Files\Java\jdk1.8.0_202\jre\bin\api-ms-win-crt-environment-l1-1-0.dll
0x0000000019f40000 - 0x0000000019f43000 	C:\Program Files\Java\jdk1.8.0_202\jre\bin\api-ms-win-crt-filesystem-l1-1-0.dll
0x0000000019f50000 - 0x0000000019f53000 	C:\Program Files\Java\jdk1.8.0_202\jre\bin\api-ms-win-crt-heap-l1-1-0.dll
0x0000000019f60000 - 0x0000000019f63000 	C:\Program Files\Java\jdk1.8.0_202\jre\bin\api-ms-win-crt-locale-l1-1-0.dll
0x0000000019f70000 - 0x0000000019f75000 	C:\Program Files\Java\jdk1.8.0_202\jre\bin\api-ms-win-crt-math-l1-1-0.dll
0x0000000019f80000 - 0x0000000019f85000 	C:\Program Files\Java\jdk1.8.0_202\jre\bin\api-ms-win-crt-multibyte-l1-1-0.dll
0x0000000019f90000 - 0x0000000019fa0000 	C:\Program Files\Java\jdk1.8.0_202\jre\bin\api-ms-win-crt-private-l1-1-0.dll
0x0000000019fa0000 - 0x0000000019fa3000 	C:\Program Files\Java\jdk1.8.0_202\jre\bin\api-ms-win-crt-process-l1-1-0.dll
0x0000000019fb0000 - 0x0000000019fb4000 	C:\Program Files\Java\jdk1.8.0_202\jre\bin\api-ms-win-crt-runtime-l1-1-0.dll
0x0000000019fc0000 - 0x0000000019fc4000 	C:\Program Files\Java\jdk1.8.0_202\jre\bin\api-ms-win-crt-stdio-l1-1-0.dll
0x0000000019fd0000 - 0x0000000019fd4000 	C:\Program Files\Java\jdk1.8.0_202\jre\bin\api-ms-win-crt-string-l1-1-0.dll
0x0000000019fe0000 - 0x0000000019fe3000 	C:\Program Files\Java\jdk1.8.0_202\jre\bin\api-ms-win-crt-time-l1-1-0.dll
0x0000000019ff0000 - 0x0000000019ff3000 	C:\Program Files\Java\jdk1.8.0_202\jre\bin\api-ms-win-crt-utility-l1-1-0.dll
0x00007ffd13990000 - 0x00007ffd13a86000 	C:\Program Files\Java\jdk1.8.0_202\jre\bin\ucrtbase.dll
0x00007ffd33410000 - 0x00007ffd33426000 	C:\Program Files\Java\jdk1.8.0_202\jre\bin\vcruntime140.dll
0x00007ffd143f0000 - 0x00007ffd1448c000 	C:\Program Files\Java\jdk1.8.0_202\jre\bin\msvcp140.dll
0x00007ffd13830000 - 0x00007ffd13881000 	C:\Program Files\Java\jdk1.8.0_202\jre\bin\concrt140.dll
0x00007ffd333e0000 - 0x00007ffd33403000 	C:\Program Files\Java\jdk1.8.0_202\jre\bin\prism_d3d.dll
0x00007ffcdeb20000 - 0x00007ffcdecc9000 	C:\WINDOWS\system32\d3d9.dll
0x00007ffd357d0000 - 0x00007ffd357fb000 	C:\WINDOWS\SYSTEM32\dwmapi.dll
0x00007ffd35660000 - 0x00007ffd35699000 	C:\WINDOWS\SYSTEM32\dxcore.dll
0x00007ffd35520000 - 0x00007ffd355cb000 	C:\WINDOWS\system32\uxtheme.dll
0x00007ffd31f90000 - 0x00007ffd31fda000 	C:\WINDOWS\SYSTEM32\directxdatabasehelper.dll
0x00007ffd37070000 - 0x00007ffd37088000 	C:\WINDOWS\SYSTEM32\kernel.appcore.dll
0x00007ffd37cf0000 - 0x00007ffd37d02000 	C:\WINDOWS\SYSTEM32\msasn1.dll
0x00007ffd28560000 - 0x00007ffd28592000 	C:\WINDOWS\SYSTEM32\cryptnet.dll
0x00007ffd38270000 - 0x00007ffd383d6000 	C:\WINDOWS\System32\CRYPT32.dll
0x00007ffd37870000 - 0x00007ffd3787c000 	C:\WINDOWS\SYSTEM32\cryptbase.dll
0x00007ffd389f0000 - 0x00007ffd38a5b000 	C:\WINDOWS\System32\wintrust.dll
0x00007ffd391c0000 - 0x00007ffd391df000 	C:\WINDOWS\System32\imagehlp.dll
0x00007ffd37850000 - 0x00007ffd3786b000 	C:\WINDOWS\SYSTEM32\CRYPTSP.dll
0x00007ffd36fd0000 - 0x00007ffd37005000 	C:\WINDOWS\system32\rsaenh.dll
0x00007ffd385c0000 - 0x00007ffd38639000 	C:\WINDOWS\System32\bcryptPrimitives.dll
0x00007ffd13670000 - 0x00007ffd136b9000 	C:\Program Files\Java\jdk1.8.0_202\jre\bin\glass.dll
0x00007ffd3a490000 - 0x00007ffd3a589000 	C:\WINDOWS\System32\COMDLG32.dll
0x00007ffd39ba0000 - 0x00007ffd39d45000 	C:\WINDOWS\System32\ole32.dll
0x00007ffd39e80000 - 0x00007ffd39f57000 	C:\WINDOWS\System32\OLEAUT32.dll
0x00007ffd39030000 - 0x00007ffd39183000 	C:\WINDOWS\System32\MSCTF.dll
0x00007ffcf7c10000 - 0x00007ffcf7ccc000 	C:\WINDOWS\System32\DriverStore\FileRepository\nvlt.inf_amd64_e251f9aa505cc24f\nvldumdx.dll
0x00007ffd28400000 - 0x00007ffd28558000 	C:\WINDOWS\SYSTEM32\drvstore.dll
0x00007ffd37d10000 - 0x00007ffd37d3c000 	C:\WINDOWS\SYSTEM32\devobj.dll
0x00007ffd37d60000 - 0x00007ffd37dae000 	C:\WINDOWS\SYSTEM32\cfgmgr32.dll
0x00007ffd37900000 - 0x00007ffd37948000 	C:\WINDOWS\SYSTEM32\wldp.dll
0x00007ffca23b0000 - 0x00007ffca553b000 	C:\WINDOWS\System32\DriverStore\FileRepository\nvlt.inf_amd64_e251f9aa505cc24f\nvd3dumx.dll
0x00007ffce0b50000 - 0x00007ffce0e13000 	C:\WINDOWS\system32\nvspcap64.dll
0x00007ffd37090000 - 0x00007ffd370c4000 	C:\WINDOWS\SYSTEM32\ntmarta.dll
0x00007ffd37690000 - 0x00007ffd376b6000 	C:\WINDOWS\SYSTEM32\gpapi.dll
0x00007ffcc5390000 - 0x00007ffcc55c8000 	C:\WINDOWS\System32\DriverStore\FileRepository\iigd_dch.inf_amd64_a582115f5de863e1\igdumdim64.dll
0x00007ffcaeee0000 - 0x00007ffcb0250000 	C:\WINDOWS\System32\DriverStore\FileRepository\iigd_dch.inf_amd64_a582115f5de863e1\igd9dxva64.dll
0x00007ffd39f60000 - 0x00007ffd3a3d4000 	C:\WINDOWS\System32\SETUPAPI.dll
0x00007ffcc9e40000 - 0x00007ffccbb61000 	C:\WINDOWS\System32\DriverStore\FileRepository\iigd_dch.inf_amd64_a582115f5de863e1\media_bin_64.dll
0x00007ffd2cef0000 - 0x00007ffd2d328000 	C:\WINDOWS\System32\DriverStore\FileRepository\iigd_dch.inf_amd64_a582115f5de863e1\igdgmm64.dll
0x00007ffd33600000 - 0x00007ffd33627000 	C:\WINDOWS\System32\DriverStore\FileRepository\iigd_dch.inf_amd64_a582115f5de863e1\igdinfo64.dll
0x00007ffd29040000 - 0x00007ffd2ceed000 	C:\WINDOWS\System32\DriverStore\FileRepository\iigd_dch.inf_amd64_a582115f5de863e1\igc64.dll
0x00007ffd32020000 - 0x00007ffd32034000 	C:\Program Files\Java\jdk1.8.0_202\jre\bin\javafx_font.dll
0x00007ffd339e0000 - 0x00007ffd33c54000 	C:\WINDOWS\SYSTEM32\dwrite.dll

VM Arguments:
jvm_args: -Dfile.encoding=UTF-8 
java_command: C:\Users\Lenovo\OneDrive\Documents\GitHub\CSE213OOP\dist\run1304881934\Group_18_ISP_CSE213.jar
java_class_path (initial): C:\Users\Lenovo\OneDrive\Documents\GitHub\CSE213OOP\dist\run1304881934\Group_18_ISP_CSE213.jar
Launcher Type: SUN_STANDARD

Environment Variables:
PATH=C:\Program Files (x86)\Common Files\Oracle\Java\javapath;C:\Windows\system32;C:\Windows;C:\Windows\System32\Wbem;C:\Windows\System32\WindowsPowerShell\v1.0\;C:\Windows\System32\OpenSSH\;C:\Program Files (x86)\NVIDIA Corporation\PhysX\Common;C:\Program Files\NVIDIA Corporation\NVIDIA NvDLISR;C:\WINDOWS\system32;C:\WINDOWS;C:\WINDOWS\System32\Wbem;C:\WINDOWS\System32\WindowsPowerShell\v1.0\;C:\WINDOWS\System32\OpenSSH\;C:\Program Files\dotnet\;C:\Program Files\Cloudflare\Cloudflare WARP\;C:\xampp\php;C:\ProgramData\ComposerSetup\bin;C:\Program Files\nodejs\;C:\Program Files\Git\cmd;C:\Program Files\Git\bin;C:\Users\Lenovo\AppData\Local\Microsoft\WindowsApps;C:\Users\Lenovo\AppData\Local\Programs\Microsoft VS Code\bin;C:\Users\Lenovo\AppData\Roaming\Composer\vendor\bin;C:\Users\Lenovo\AppData\Roaming\npm;C:\Users\Lenovo\AppData\Local\JetBrains\IntelliJ IDEA Community Edition 2023.2.2\bin;;C:\Program Files\JetBrains\PhpStorm 2023.2.3\bin;;C:\Users\Lenovo\.dotnet\tools;C:\Program Files\Git\bin;C:\Users\Lenovo\AppData\Local\GitHubDesktop\bin
USERNAME=Lenovo
OS=Windows_NT
PROCESSOR_IDENTIFIER=Intel64 Family 6 Model 140 Stepping 1, GenuineIntel



---------------  S Y S T E M  ---------------

OS: Windows 10.0 , 64 bit Build 22621 (10.0.22621.3374)

CPU:total 4 (initial active 4) (4 cores per cpu, 2 threads per core) family 6 model 140 stepping 1, cmov, cx8, fxsr, mmx, sse, sse2, sse3, ssse3, sse4.1, sse4.2, popcnt, avx, avx2, aes, clmul, erms, 3dnowpref, lzcnt, ht, tsc, tscinvbit, bmi1, bmi2, adx

Memory: 4k page, physical 8183096k(315840k free), swap 18144568k(1008k free)

vm_info: Java HotSpot(TM) 64-Bit Server VM (25.202-b08) for windows-amd64 JRE (1.8.0_202-b08), built on Dec 15 2018 19:54:30 by "java_re" with MS VC++ 10.0 (VS2010)

time: Wed Apr 10 06:23:08 2024
timezone: Bangladesh Standard Time
elapsed time: 1 seconds (0d 0h 0m 1s)

