#
# There is insufficient memory for the Java Runtime Environment to continue.
# Native memory allocation (malloc) failed to allocate 183856 bytes for Chunk::new
# Possible reasons:
#   The system is out of physical RAM or swap space
#   The process is running with CompressedOops enabled, and the Java Heap may be blocking the growth of the native heap
# Possible solutions:
#   Reduce memory load on the system
#   Increase physical memory or swap space
#   Check if swap backing store is full
#   Decrease Java heap size (-Xmx/-Xms)
#   Decrease number of Java threads
#   Decrease Java thread stack sizes (-Xss)
#   Set larger code cache with -XX:ReservedCodeCacheSize=
#   JVM is running with Unscaled Compressed Oops mode in which the Java heap is
#     placed in the first 4GB address space. The Java Heap base address is the
#     maximum limit for the native heap growth. Please use -XX:HeapBaseMinAddress
#     to set the Java Heap base and to place the Java Heap above 4GB virtual address.
# This output file may be truncated or incomplete.
#
#  Out of Memory Error (allocation.cpp:389), pid=16356, tid=0x00000000000071d4
#
# JRE version: Java(TM) SE Runtime Environment (8.0_202-b08) (build 1.8.0_202-b08)
# Java VM: Java HotSpot(TM) 64-Bit Server VM (25.202-b08 mixed mode windows-amd64 compressed oops)
# Failed to write core dump. Minidumps are not enabled by default on client versions of Windows
#

---------------  T H R E A D  ---------------

Current thread (0x000000001722b000):  JavaThread "C2 CompilerThread0" daemon [_thread_in_native, id=29140, stack(0x0000000018990000,0x0000000018a90000)]

Stack: [0x0000000018990000,0x0000000018a90000]
[error occurred during error reporting (printing stack bounds), id 0xc0000005]

Native frames: (J=compiled Java code, j=interpreted, Vv=VM code, C=native code)


Current CompileTask:
C2:   9675 3201       4       javafx.scene.Node::transformedBoundsChanged (43 bytes)


---------------  P R O C E S S  ---------------

Java Threads: ( => current thread )
  0x000000001998e000 JavaThread "Prism Font Disposer" daemon [_thread_blocked, id=1888, stack(0x0000000024940000,0x0000000024a40000)]
  0x000000001959b000 JavaThread "Thread-3" daemon [_thread_in_native, id=25784, stack(0x00000000217f0000,0x00000000218f0000)]
  0x000000001959a800 JavaThread "JavaFX-Launcher" [_thread_blocked, id=12340, stack(0x00000000218f0000,0x00000000219f0000)]
  0x0000000019532800 JavaThread "JavaFX Application Thread" [_thread_blocked, id=32072, stack(0x000000001acc0000,0x000000001adc0000)]
  0x000000001952c800 JavaThread "Thread-1" daemon [_thread_blocked, id=25640, stack(0x000000001abc0000,0x000000001acc0000)]
  0x000000001907c800 JavaThread "QuantumRenderer-0" daemon [_thread_in_native, id=19128, stack(0x0000000019d10000,0x0000000019e10000)]
  0x000000001727d800 JavaThread "Service Thread" daemon [_thread_blocked, id=632, stack(0x0000000019090000,0x0000000019190000)]
  0x000000001723b800 JavaThread "C1 CompilerThread2" daemon [_thread_blocked, id=34156, stack(0x0000000018b90000,0x0000000018c90000)]
  0x000000001722e800 JavaThread "C2 CompilerThread1" daemon [_thread_blocked, id=22084, stack(0x0000000018a90000,0x0000000018b90000)]
=>0x000000001722b000 JavaThread "C2 CompilerThread0" daemon [_thread_in_native, id=29140, stack(0x0000000018990000,0x0000000018a90000)]
  0x0000000017227800 JavaThread "Attach Listener" daemon [_thread_blocked, id=28856, stack(0x0000000018890000,0x0000000018990000)]
  0x0000000017226800 JavaThread "Signal Dispatcher" daemon [_thread_blocked, id=25472, stack(0x0000000018790000,0x0000000018890000)]
  0x00000000027cd800 JavaThread "Finalizer" daemon [_thread_blocked, id=17564, stack(0x0000000018480000,0x0000000018580000)]
  0x00000000027c5000 JavaThread "Reference Handler" daemon [_thread_blocked, id=14996, stack(0x0000000018380000,0x0000000018480000)]
  0x00000000026d2800 JavaThread "main" [_thread_blocked, id=33348, stack(0x0000000002540000,0x0000000002640000)]

Other Threads:
  0x00000000171e7800 VMThread [stack: 0x0000000018280000,0x0000000018380000] [id=12080]
  0x0000000018cec800 WatcherThread [stack: 0x0000000019190000,0x0000000019290000] [id=20916]

VM state:not at safepoint (normal execution)

VM Mutex/Monitor currently owned by a thread: None

heap address: 0x0000000083200000, size: 1998 MB, Compressed Oops mode: 32-bit
Narrow klass base: 0x0000000000000000, Narrow klass shift: 3
Compressed class space size: 1073741824 Address: 0x0000000100000000

Heap:
 PSYoungGen      total 70656K, used 6008K [0x00000000d6600000, 0x00000000db000000, 0x0000000100000000)
  eden space 65536K, 9% used [0x00000000d6600000,0x00000000d6bde270,0x00000000da600000)
  from space 5120K, 0% used [0x00000000dab00000,0x00000000dab00000,0x00000000db000000)
  to   space 5120K, 0% used [0x00000000da600000,0x00000000da600000,0x00000000dab00000)
 ParOldGen       total 86016K, used 49476K [0x0000000083200000, 0x0000000088600000, 0x00000000d6600000)
  object space 86016K, 57% used [0x0000000083200000,0x0000000086251270,0x0000000088600000)
 Metaspace       used 20733K, capacity 22094K, committed 22400K, reserved 1069056K
  class space    used 3085K, capacity 3337K, committed 3456K, reserved 1048576K

Card table byte_map: [0x0000000011b90000,0x0000000011f80000] byte_map_base: 0x0000000011777000

Marking Bits: (ParMarkBitMap*) 0x0000000069b05ce0
 Begin Bits: [0x0000000012620000, 0x0000000014558000)
 End Bits:   [0x0000000014558000, 0x0000000016490000)

Polling page: 0x0000000002400000

CodeCache: size=245760Kb used=9966Kb max_used=9966Kb free=235794Kb
 bounds [0x00000000027d0000, 0x00000000031a0000, 0x00000000117d0000]
 total_blobs=3876 nmethods=3203 adapters=584
 compilation: enabled

Compilation events (10 events):
Event: 9.641 Thread 0x000000001722b000 3201       4       javafx.scene.Node::transformedBoundsChanged (43 bytes)
Event: 9.641 Thread 0x000000001722e800 3202       4       java.util.ArrayList$Itr::next (66 bytes)
Event: 9.642 Thread 0x000000001723b800 nmethod 3200 0x000000000318a050 code [0x000000000318a1e0, 0x000000000318a728]
Event: 9.643 Thread 0x000000001722e800 nmethod 3202 0x0000000003189c90 code [0x0000000003189de0, 0x0000000003189ef8]
Event: 9.643 Thread 0x000000001723b800 3203       3       javafx.scene.layout.BackgroundFill::equals (92 bytes)
Event: 9.643 Thread 0x000000001723b800 nmethod 3203 0x000000000318fd90 code [0x000000000318ff40, 0x0000000003190648]
Event: 9.643 Thread 0x000000001723b800 3204       3       javafx.scene.layout.CornerRadii::equals (276 bytes)
Event: 9.644 Thread 0x000000001723b800 nmethod 3204 0x000000000318edd0 code [0x000000000318f000, 0x000000000318fb98]
Event: 9.644 Thread 0x000000001723b800 3205       3       com.sun.javafx.sg.prism.NGNode::renderRectClip (122 bytes)
Event: 9.645 Thread 0x000000001723b800 nmethod 3205 0x0000000003190810 code [0x0000000003190ae0, 0x0000000003192208]

GC Heap History (10 events):
Event: 1.592 GC heap before
{Heap before GC invocations=1 (full 0):
 PSYoungGen      total 37888K, used 32768K [0x00000000d6600000, 0x00000000d9000000, 0x0000000100000000)
  eden space 32768K, 100% used [0x00000000d6600000,0x00000000d8600000,0x00000000d8600000)
  from space 5120K, 0% used [0x00000000d8b00000,0x00000000d8b00000,0x00000000d9000000)
  to   space 5120K, 0% used [0x00000000d8600000,0x00000000d8600000,0x00000000d8b00000)
 ParOldGen       total 86016K, used 0K [0x0000000083200000, 0x0000000088600000, 0x00000000d6600000)
  object space 86016K, 0% used [0x0000000083200000,0x0000000083200000,0x0000000088600000)
 Metaspace       used 15386K, capacity 16226K, committed 16384K, reserved 1062912K
  class space    used 2293K, capacity 2465K, committed 2560K, reserved 1048576K
Event: 1.601 GC heap after
Heap after GC invocations=1 (full 0):
 PSYoungGen      total 37888K, used 4722K [0x00000000d6600000, 0x00000000d9000000, 0x0000000100000000)
  eden space 32768K, 0% used [0x00000000d6600000,0x00000000d6600000,0x00000000d8600000)
  from space 5120K, 92% used [0x00000000d8600000,0x00000000d8a9cb50,0x00000000d8b00000)
  to   space 5120K, 0% used [0x00000000d8b00000,0x00000000d8b00000,0x00000000d9000000)
 ParOldGen       total 86016K, used 80K [0x0000000083200000, 0x0000000088600000, 0x00000000d6600000)
  object space 86016K, 0% used [0x0000000083200000,0x0000000083214010,0x0000000088600000)
 Metaspace       used 15386K, capacity 16226K, committed 16384K, reserved 1062912K
  class space    used 2293K, capacity 2465K, committed 2560K, reserved 1048576K
}
Event: 6.685 GC heap before
{Heap before GC invocations=2 (full 0):
 PSYoungGen      total 37888K, used 35866K [0x00000000d6600000, 0x00000000d9000000, 0x0000000100000000)
  eden space 32768K, 95% used [0x00000000d6600000,0x00000000d846a000,0x00000000d8600000)
  from space 5120K, 92% used [0x00000000d8600000,0x00000000d8a9cb50,0x00000000d8b00000)
  to   space 5120K, 0% used [0x00000000d8b00000,0x00000000d8b00000,0x00000000d9000000)
 ParOldGen       total 86016K, used 80K [0x0000000083200000, 0x0000000088600000, 0x00000000d6600000)
  object space 86016K, 0% used [0x0000000083200000,0x0000000083214010,0x0000000088600000)
 Metaspace       used 18158K, capacity 19194K, committed 19328K, reserved 1064960K
  class space    used 2663K, capacity 2875K, committed 2944K, reserved 1048576K
Event: 6.700 GC heap after
Heap after GC invocations=2 (full 0):
 PSYoungGen      total 37888K, used 5099K [0x00000000d6600000, 0x00000000d9000000, 0x0000000100000000)
  eden space 32768K, 0% used [0x00000000d6600000,0x00000000d6600000,0x00000000d8600000)
  from space 5120K, 99% used [0x00000000d8b00000,0x00000000d8ffacf8,0x00000000d9000000)
  to   space 5120K, 0% used [0x00000000d8600000,0x00000000d8600000,0x00000000d8b00000)
 ParOldGen       total 86016K, used 21223K [0x0000000083200000, 0x0000000088600000, 0x00000000d6600000)
  object space 86016K, 24% used [0x0000000083200000,0x00000000846b9f78,0x0000000088600000)
 Metaspace       used 18158K, capacity 19194K, committed 19328K, reserved 1064960K
  class space    used 2663K, capacity 2875K, committed 2944K, reserved 1048576K
}
Event: 6.955 GC heap before
{Heap before GC invocations=3 (full 0):
 PSYoungGen      total 37888K, used 35433K [0x00000000d6600000, 0x00000000d9000000, 0x0000000100000000)
  eden space 32768K, 92% used [0x00000000d6600000,0x00000000d839fa58,0x00000000d8600000)
  from space 5120K, 99% used [0x00000000d8b00000,0x00000000d8ffacf8,0x00000000d9000000)
  to   space 5120K, 0% used [0x00000000d8600000,0x00000000d8600000,0x00000000d8b00000)
 ParOldGen       total 86016K, used 21223K [0x0000000083200000, 0x0000000088600000, 0x00000000d6600000)
  object space 86016K, 24% used [0x0000000083200000,0x00000000846b9f78,0x0000000088600000)
 Metaspace       used 19170K, capacity 20280K, committed 20608K, reserved 1067008K
  class space    used 2876K, capacity 3116K, committed 3200K, reserved 1048576K
Event: 6.973 GC heap after
Heap after GC invocations=3 (full 0):
 PSYoungGen      total 37888K, used 5112K [0x00000000d6600000, 0x00000000db000000, 0x0000000100000000)
  eden space 32768K, 0% used [0x00000000d6600000,0x00000000d6600000,0x00000000d8600000)
  from space 5120K, 99% used [0x00000000d8600000,0x00000000d8afe2a8,0x00000000d8b00000)
  to   space 5120K, 0% used [0x00000000dab00000,0x00000000dab00000,0x00000000db000000)
 ParOldGen       total 86016K, used 41558K [0x0000000083200000, 0x0000000088600000, 0x00000000d6600000)
  object space 86016K, 48% used [0x0000000083200000,0x0000000085a95a58,0x0000000088600000)
 Metaspace       used 19170K, capacity 20280K, committed 20608K, reserved 1067008K
  class space    used 2876K, capacity 3116K, committed 3200K, reserved 1048576K
}
Event: 7.191 GC heap before
{Heap before GC invocations=4 (full 0):
 PSYoungGen      total 37888K, used 15580K [0x00000000d6600000, 0x00000000db000000, 0x0000000100000000)
  eden space 32768K, 31% used [0x00000000d6600000,0x00000000d7039068,0x00000000d8600000)
  from space 5120K, 99% used [0x00000000d8600000,0x00000000d8afe2a8,0x00000000d8b00000)
  to   space 5120K, 0% used [0x00000000dab00000,0x00000000dab00000,0x00000000db000000)
 ParOldGen       total 86016K, used 41558K [0x0000000083200000, 0x0000000088600000, 0x00000000d6600000)
  object space 86016K, 48% used [0x0000000083200000,0x0000000085a95a58,0x0000000088600000)
 Metaspace       used 19937K, capacity 21182K, committed 21296K, reserved 1067008K
  class space    used 3016K, capacity 3261K, committed 3328K, reserved 1048576K
Event: 7.207 GC heap after
Heap after GC invocations=4 (full 0):
 PSYoungGen      total 70656K, used 5112K [0x00000000d6600000, 0x00000000db000000, 0x0000000100000000)
  eden space 65536K, 0% used [0x00000000d6600000,0x00000000d6600000,0x00000000da600000)
  from space 5120K, 99% used [0x00000000dab00000,0x00000000daffe1c8,0x00000000db000000)
  to   space 5120K, 0% used [0x00000000da600000,0x00000000da600000,0x00000000dab00000)
 ParOldGen       total 86016K, used 47318K [0x0000000083200000, 0x0000000088600000, 0x00000000d6600000)
  object space 86016K, 55% used [0x0000000083200000,0x0000000086035b38,0x0000000088600000)
 Metaspace       used 19937K, capacity 21182K, committed 21296K, reserved 1067008K
  class space    used 3016K, capacity 3261K, committed 3328K, reserved 1048576K
}
Event: 7.207 GC heap before
{Heap before GC invocations=5 (full 1):
 PSYoungGen      total 70656K, used 5112K [0x00000000d6600000, 0x00000000db000000, 0x0000000100000000)
  eden space 65536K, 0% used [0x00000000d6600000,0x00000000d6600000,0x00000000da600000)
  from space 5120K, 99% used [0x00000000dab00000,0x00000000daffe1c8,0x00000000db000000)
  to   space 5120K, 0% used [0x00000000da600000,0x00000000da600000,0x00000000dab00000)
 ParOldGen       total 86016K, used 47318K [0x0000000083200000, 0x0000000088600000, 0x00000000d6600000)
  object space 86016K, 55% used [0x0000000083200000,0x0000000086035b38,0x0000000088600000)
 Metaspace       used 19937K, capacity 21182K, committed 21296K, reserved 1067008K
  class space    used 3016K, capacity 3261K, committed 3328K, reserved 1048576K
Event: 7.260 GC heap after
Heap after GC invocations=5 (full 1):
 PSYoungGen      total 70656K, used 0K [0x00000000d6600000, 0x00000000db000000, 0x0000000100000000)
  eden space 65536K, 0% used [0x00000000d6600000,0x00000000d6600000,0x00000000da600000)
  from space 5120K, 0% used [0x00000000dab00000,0x00000000dab00000,0x00000000db000000)
  to   space 5120K, 0% used [0x00000000da600000,0x00000000da600000,0x00000000dab00000)
 ParOldGen       total 86016K, used 49476K [0x0000000083200000, 0x0000000088600000, 0x00000000d6600000)
  object space 86016K, 57% used [0x0000000083200000,0x0000000086251270,0x0000000088600000)
 Metaspace       used 19937K, capacity 21182K, committed 21296K, reserved 1067008K
  class space    used 3016K, capacity 3261K, committed 3328K, reserved 1048576K
}

Deoptimization events (10 events):
Event: 7.149 Thread 0x0000000019532800 Uncommon trap: reason=class_check action=maybe_recompile pc=0x0000000002d0d968 method=javafx.scene.CssStyleHelper.lookup(Ljavafx/css/Styleable;Ljavafx/css/CssMetaData;Lcom/sun/javafx/css/StyleMap;Ljava/util/Set;Ljavafx/css/Styleable;Lcom/sun/javafx/css/Ca
Event: 7.173 Thread 0x0000000019532800 Uncommon trap: reason=array_check action=maybe_recompile pc=0x0000000002f62e48 method=com.sun.javafx.css.CompoundSelector.applies(Ljavafx/css/Styleable;[Ljava/util/Set;I)Z @ 128
Event: 7.173 Thread 0x0000000019532800 Uncommon trap: reason=array_check action=maybe_recompile pc=0x0000000002f62e48 method=com.sun.javafx.css.CompoundSelector.applies(Ljavafx/css/Styleable;[Ljava/util/Set;I)Z @ 128
Event: 7.173 Thread 0x0000000019532800 Uncommon trap: reason=array_check action=maybe_recompile pc=0x0000000002f62e48 method=com.sun.javafx.css.CompoundSelector.applies(Ljavafx/css/Styleable;[Ljava/util/Set;I)Z @ 128
Event: 7.173 Thread 0x0000000019532800 Uncommon trap: reason=array_check action=maybe_recompile pc=0x0000000002f62e48 method=com.sun.javafx.css.CompoundSelector.applies(Ljavafx/css/Styleable;[Ljava/util/Set;I)Z @ 128
Event: 7.280 Thread 0x0000000019532800 Uncommon trap: reason=unstable_if action=reinterpret pc=0x0000000002f50c18 method=com.sun.javafx.css.CompoundSelector.applies(Ljavafx/css/Styleable;I[Ljava/util/Set;I)Z @ 125
Event: 7.320 Thread 0x0000000019532800 Uncommon trap: reason=unstable_if action=reinterpret pc=0x0000000002c2cdec method=javafx.scene.CssStyleHelper.getStyle(Ljavafx/css/Styleable;Ljava/lang/String;Lcom/sun/javafx/css/StyleMap;Ljava/util/Set;)Lcom/sun/javafx/css/CascadingStyle; @ 8
Event: 7.337 Thread 0x0000000019532800 Uncommon trap: reason=unstable_if action=reinterpret pc=0x0000000002dab9ec method=javafx.scene.Node.updateLocalToParentTransform()V @ 337
Event: 7.445 Thread 0x000000001907c800 Uncommon trap: reason=class_check action=maybe_recompile pc=0x0000000002eb6774 method=java.util.concurrent.ConcurrentHashMap.putVal(Ljava/lang/Object;Ljava/lang/Object;Z)Ljava/lang/Object; @ 192
Event: 7.445 Thread 0x000000001907c800 Uncommon trap: reason=class_check action=maybe_recompile pc=0x0000000002eb6774 method=java.util.concurrent.ConcurrentHashMap.putVal(Ljava/lang/Object;Ljava/lang/Object;Z)Ljava/lang/Object; @ 192

Classes redefined (0 events):
No events

Internal exceptions (10 events):
Event: 1.029 Thread 0x0000000019532800 Exception <a 'java/lang/ArrayIndexOutOfBoundsException'> (0x00000000d786cf48) thrown at [C:\re\workspace\8-2-build-windows-amd64-cygwin\jdk8u202\12323\hotspot\src\share\vm\runtime\sharedRuntime.cpp, line 605]
Event: 1.029 Thread 0x0000000019532800 Exception <a 'java/lang/ArrayIndexOutOfBoundsException'> (0x00000000d786e2f0) thrown at [C:\re\workspace\8-2-build-windows-amd64-cygwin\jdk8u202\12323\hotspot\src\share\vm\runtime\sharedRuntime.cpp, line 605]
Event: 1.188 Thread 0x0000000019532800 Implicit null exception at 0x0000000002ab0335 to 0x0000000002ab0545
Event: 6.562 Thread 0x0000000019532800 Exception <a 'java/lang/NoSuchMethodError': <clinit>> (0x00000000d6fd31f8) thrown at [C:\re\workspace\8-2-build-windows-amd64-cygwin\jdk8u202\12323\hotspot\src\share\vm\prims\jni.cpp, line 1614]
Event: 6.606 Thread 0x0000000019532800 Exception <a 'java/lang/ArrayIndexOutOfBoundsException'> (0x00000000d70c56a8) thrown at [C:\re\workspace\8-2-build-windows-amd64-cygwin\jdk8u202\12323\hotspot\src\share\vm\runtime\sharedRuntime.cpp, line 605]
Event: 6.606 Thread 0x0000000019532800 Exception <a 'java/lang/ArrayIndexOutOfBoundsException'> (0x00000000d70caf88) thrown at [C:\re\workspace\8-2-build-windows-amd64-cygwin\jdk8u202\12323\hotspot\src\share\vm\runtime\sharedRuntime.cpp, line 605]
Event: 6.617 Thread 0x0000000019532800 Exception <a 'java/lang/ArrayIndexOutOfBoundsException'> (0x00000000d710f3d0) thrown at [C:\re\workspace\8-2-build-windows-amd64-cygwin\jdk8u202\12323\hotspot\src\share\vm\runtime\sharedRuntime.cpp, line 605]
Event: 6.709 Thread 0x0000000019532800 Exception <a 'java/lang/ArrayIndexOutOfBoundsException': 4096> (0x00000000d684c780) thrown at [C:\re\workspace\8-2-build-windows-amd64-cygwin\jdk8u202\12323\hotspot\src\share\vm\interpreter\interpreterRuntime.cpp, line 368]
Event: 6.979 Thread 0x0000000019532800 Exception <a 'java/lang/ArrayIndexOutOfBoundsException': 4096> (0x00000000d6b78e40) thrown at [C:\re\workspace\8-2-build-windows-amd64-cygwin\jdk8u202\12323\hotspot\src\share\vm\interpreter\interpreterRuntime.cpp, line 368]
Event: 7.024 Thread 0x0000000019532800 Exception <a 'java/lang/ArrayIndexOutOfBoundsException': 65> (0x00000000d6b8e848) thrown at [C:\re\workspace\8-2-build-windows-amd64-cygwin\jdk8u202\12323\hotspot\src\share\vm\interpreter\interpreterRuntime.cpp, line 368]

Events (10 events):
Event: 7.524 Executing VM operation: RevokeBias
Event: 7.524 Executing VM operation: RevokeBias done
Event: 7.706 loading class java/lang/Throwable$WrappedPrintStream
Event: 7.707 loading class java/lang/Throwable$PrintStreamOrWriter
Event: 7.707 loading class java/lang/Throwable$PrintStreamOrWriter done
Event: 7.707 loading class java/lang/Throwable$WrappedPrintStream done
Event: 7.707 loading class java/util/IdentityHashMap$KeySet
Event: 7.707 loading class java/util/IdentityHashMap$KeySet done
Event: 8.193 Executing VM operation: ForceSafepoint
Event: 8.193 Executing VM operation: ForceSafepoint done


Dynamic libraries:
0x00007ff7f88d0000 - 0x00007ff7f8907000 	C:\Program Files\Java\jdk1.8.0_202\jre\bin\java.exe
0x00007ffd32cf0000 - 0x00007ffd32f06000 	C:\WINDOWS\SYSTEM32\ntdll.dll
0x00007ffd31400000 - 0x00007ffd314c4000 	C:\WINDOWS\System32\KERNEL32.DLL
0x00007ffd30010000 - 0x00007ffd303b7000 	C:\WINDOWS\System32\KERNELBASE.dll
0x00007ffd32170000 - 0x00007ffd32222000 	C:\WINDOWS\System32\ADVAPI32.dll
0x00007ffd31680000 - 0x00007ffd31727000 	C:\WINDOWS\System32\msvcrt.dll
0x00007ffd311f0000 - 0x00007ffd31298000 	C:\WINDOWS\System32\sechost.dll
0x00007ffd30800000 - 0x00007ffd30828000 	C:\WINDOWS\System32\bcrypt.dll
0x00007ffd32230000 - 0x00007ffd32345000 	C:\WINDOWS\System32\RPCRT4.dll
0x00007ffd314d0000 - 0x00007ffd3167e000 	C:\WINDOWS\System32\USER32.dll
0x00007ffd30830000 - 0x00007ffd30856000 	C:\WINDOWS\System32\win32u.dll
0x00007ffd30b00000 - 0x00007ffd30b29000 	C:\WINDOWS\System32\GDI32.dll
0x00007ffd30430000 - 0x00007ffd30549000 	C:\WINDOWS\System32\gdi32full.dll
0x00007ffd30980000 - 0x00007ffd30a1a000 	C:\WINDOWS\System32\msvcp_win.dll
0x00007ffd30860000 - 0x00007ffd30971000 	C:\WINDOWS\System32\ucrtbase.dll
0x00007ffd1cc30000 - 0x00007ffd1cec3000 	C:\WINDOWS\WinSxS\amd64_microsoft.windows.common-controls_6595b64144ccf1df_6.0.22621.3235_none_270f74e173860f98\COMCTL32.dll
0x00007ffd32130000 - 0x00007ffd32161000 	C:\WINDOWS\System32\IMM32.DLL
0x000000006b270000 - 0x000000006b342000 	C:\Program Files\Java\jdk1.8.0_202\jre\bin\msvcr100.dll
0x00000000692e0000 - 0x0000000069b85000 	C:\Program Files\Java\jdk1.8.0_202\jre\bin\server\jvm.dll
0x00007ffd30d00000 - 0x00007ffd30d08000 	C:\WINDOWS\System32\PSAPI.DLL
0x00007ffd24340000 - 0x00007ffd24349000 	C:\WINDOWS\SYSTEM32\WSOCK32.dll
0x00007ffd317f0000 - 0x00007ffd31861000 	C:\WINDOWS\System32\WS2_32.dll
0x00007ffd2a860000 - 0x00007ffd2a894000 	C:\WINDOWS\SYSTEM32\WINMM.dll
0x00007ffd28630000 - 0x00007ffd2863a000 	C:\WINDOWS\SYSTEM32\VERSION.dll
0x00007ffd24270000 - 0x00007ffd2427f000 	C:\Program Files\Java\jdk1.8.0_202\jre\bin\verify.dll
0x00007ffd1c8c0000 - 0x00007ffd1c8e9000 	C:\Program Files\Java\jdk1.8.0_202\jre\bin\java.dll
0x00007ffd1bdd0000 - 0x00007ffd1bde6000 	C:\Program Files\Java\jdk1.8.0_202\jre\bin\zip.dll
0x00007ffd32350000 - 0x00007ffd32bac000 	C:\WINDOWS\System32\SHELL32.dll
0x00007ffd2df50000 - 0x00007ffd2e849000 	C:\WINDOWS\SYSTEM32\windows.storage.dll
0x00007ffd319e0000 - 0x00007ffd31d68000 	C:\WINDOWS\System32\combase.dll
0x00007ffd2de10000 - 0x00007ffd2df4e000 	C:\WINDOWS\SYSTEM32\wintypes.dll
0x00007ffd32bb0000 - 0x00007ffd32ca3000 	C:\WINDOWS\System32\SHCORE.dll
0x00007ffd30d10000 - 0x00007ffd30d6e000 	C:\WINDOWS\System32\shlwapi.dll
0x00007ffd2ff40000 - 0x00007ffd2ff61000 	C:\WINDOWS\SYSTEM32\profapi.dll
0x0000000019290000 - 0x0000000019293000 	C:\Program Files\Java\jdk1.8.0_202\jre\bin\api-ms-win-core-console-l1-1-0.dll
0x00000000192a0000 - 0x00000000192a3000 	C:\Program Files\Java\jdk1.8.0_202\jre\bin\api-ms-win-core-datetime-l1-1-0.dll
0x00000000192b0000 - 0x00000000192b3000 	C:\Program Files\Java\jdk1.8.0_202\jre\bin\api-ms-win-core-debug-l1-1-0.dll
0x00000000192c0000 - 0x00000000192c3000 	C:\Program Files\Java\jdk1.8.0_202\jre\bin\api-ms-win-core-errorhandling-l1-1-0.dll
0x00000000192d0000 - 0x00000000192d4000 	C:\Program Files\Java\jdk1.8.0_202\jre\bin\api-ms-win-core-file-l1-1-0.dll
0x00000000192e0000 - 0x00000000192e3000 	C:\Program Files\Java\jdk1.8.0_202\jre\bin\api-ms-win-core-file-l1-2-0.dll
0x00000000192f0000 - 0x00000000192f3000 	C:\Program Files\Java\jdk1.8.0_202\jre\bin\api-ms-win-core-file-l2-1-0.dll
0x0000000019300000 - 0x0000000019303000 	C:\Program Files\Java\jdk1.8.0_202\jre\bin\api-ms-win-core-handle-l1-1-0.dll
0x0000000019310000 - 0x0000000019313000 	C:\Program Files\Java\jdk1.8.0_202\jre\bin\api-ms-win-core-heap-l1-1-0.dll
0x0000000019320000 - 0x0000000019323000 	C:\Program Files\Java\jdk1.8.0_202\jre\bin\api-ms-win-core-interlocked-l1-1-0.dll
0x0000000019330000 - 0x0000000019333000 	C:\Program Files\Java\jdk1.8.0_202\jre\bin\api-ms-win-core-libraryloader-l1-1-0.dll
0x0000000019340000 - 0x0000000019343000 	C:\Program Files\Java\jdk1.8.0_202\jre\bin\api-ms-win-core-localization-l1-2-0.dll
0x0000000019350000 - 0x0000000019353000 	C:\Program Files\Java\jdk1.8.0_202\jre\bin\api-ms-win-core-memory-l1-1-0.dll
0x0000000019360000 - 0x0000000019363000 	C:\Program Files\Java\jdk1.8.0_202\jre\bin\api-ms-win-core-namedpipe-l1-1-0.dll
0x0000000019370000 - 0x0000000019373000 	C:\Program Files\Java\jdk1.8.0_202\jre\bin\api-ms-win-core-processenvironment-l1-1-0.dll
0x0000000019380000 - 0x0000000019383000 	C:\Program Files\Java\jdk1.8.0_202\jre\bin\api-ms-win-core-processthreads-l1-1-0.dll
0x0000000019390000 - 0x0000000019393000 	C:\Program Files\Java\jdk1.8.0_202\jre\bin\api-ms-win-core-processthreads-l1-1-1.dll
0x00000000193a0000 - 0x00000000193a3000 	C:\Program Files\Java\jdk1.8.0_202\jre\bin\api-ms-win-core-profile-l1-1-0.dll
0x00000000193b0000 - 0x00000000193b3000 	C:\Program Files\Java\jdk1.8.0_202\jre\bin\api-ms-win-core-rtlsupport-l1-1-0.dll
0x00000000193c0000 - 0x00000000193c3000 	C:\Program Files\Java\jdk1.8.0_202\jre\bin\api-ms-win-core-string-l1-1-0.dll
0x00000000193d0000 - 0x00000000193d3000 	C:\Program Files\Java\jdk1.8.0_202\jre\bin\api-ms-win-core-synch-l1-1-0.dll
0x00000000193e0000 - 0x00000000193e3000 	C:\Program Files\Java\jdk1.8.0_202\jre\bin\api-ms-win-core-synch-l1-2-0.dll
0x00000000193f0000 - 0x00000000193f3000 	C:\Program Files\Java\jdk1.8.0_202\jre\bin\api-ms-win-core-sysinfo-l1-1-0.dll
0x0000000019400000 - 0x0000000019403000 	C:\Program Files\Java\jdk1.8.0_202\jre\bin\api-ms-win-core-timezone-l1-1-0.dll
0x0000000019410000 - 0x0000000019413000 	C:\Program Files\Java\jdk1.8.0_202\jre\bin\api-ms-win-core-util-l1-1-0.dll
0x0000000019420000 - 0x0000000019423000 	C:\Program Files\Java\jdk1.8.0_202\jre\bin\api-ms-win-crt-conio-l1-1-0.dll
0x0000000019430000 - 0x0000000019434000 	C:\Program Files\Java\jdk1.8.0_202\jre\bin\api-ms-win-crt-convert-l1-1-0.dll
0x0000000019440000 - 0x0000000019443000 	C:\Program Files\Java\jdk1.8.0_202\jre\bin\api-ms-win-crt-environment-l1-1-0.dll
0x0000000019450000 - 0x0000000019453000 	C:\Program Files\Java\jdk1.8.0_202\jre\bin\api-ms-win-crt-filesystem-l1-1-0.dll
0x0000000019460000 - 0x0000000019463000 	C:\Program Files\Java\jdk1.8.0_202\jre\bin\api-ms-win-crt-heap-l1-1-0.dll
0x0000000019470000 - 0x0000000019473000 	C:\Program Files\Java\jdk1.8.0_202\jre\bin\api-ms-win-crt-locale-l1-1-0.dll
0x0000000019480000 - 0x0000000019485000 	C:\Program Files\Java\jdk1.8.0_202\jre\bin\api-ms-win-crt-math-l1-1-0.dll
0x0000000019490000 - 0x0000000019495000 	C:\Program Files\Java\jdk1.8.0_202\jre\bin\api-ms-win-crt-multibyte-l1-1-0.dll
0x00000000194a0000 - 0x00000000194b0000 	C:\Program Files\Java\jdk1.8.0_202\jre\bin\api-ms-win-crt-private-l1-1-0.dll
0x00000000194b0000 - 0x00000000194b3000 	C:\Program Files\Java\jdk1.8.0_202\jre\bin\api-ms-win-crt-process-l1-1-0.dll
0x00000000194c0000 - 0x00000000194c4000 	C:\Program Files\Java\jdk1.8.0_202\jre\bin\api-ms-win-crt-runtime-l1-1-0.dll
0x00000000194d0000 - 0x00000000194d4000 	C:\Program Files\Java\jdk1.8.0_202\jre\bin\api-ms-win-crt-stdio-l1-1-0.dll
0x00000000194e0000 - 0x00000000194e4000 	C:\Program Files\Java\jdk1.8.0_202\jre\bin\api-ms-win-crt-string-l1-1-0.dll
0x00000000194f0000 - 0x00000000194f3000 	C:\Program Files\Java\jdk1.8.0_202\jre\bin\api-ms-win-crt-time-l1-1-0.dll
0x0000000019500000 - 0x0000000019503000 	C:\Program Files\Java\jdk1.8.0_202\jre\bin\api-ms-win-crt-utility-l1-1-0.dll
0x00007ffce53c0000 - 0x00007ffce54b6000 	C:\Program Files\Java\jdk1.8.0_202\jre\bin\ucrtbase.dll
0x00007ffd2ca40000 - 0x00007ffd2ca56000 	C:\Program Files\Java\jdk1.8.0_202\jre\bin\vcruntime140.dll
0x00007ffd21830000 - 0x00007ffd218cc000 	C:\Program Files\Java\jdk1.8.0_202\jre\bin\msvcp140.dll
0x00007ffd244b0000 - 0x00007ffd24501000 	C:\Program Files\Java\jdk1.8.0_202\jre\bin\concrt140.dll
0x00007ffd2c8d0000 - 0x00007ffd2c8f3000 	C:\Program Files\Java\jdk1.8.0_202\jre\bin\prism_d3d.dll
0x00007ffcd5850000 - 0x00007ffcd59f9000 	C:\WINDOWS\system32\d3d9.dll
0x00007ffd2d2e0000 - 0x00007ffd2d30b000 	C:\WINDOWS\SYSTEM32\dwmapi.dll
0x00007ffd2d280000 - 0x00007ffd2d2b9000 	C:\WINDOWS\SYSTEM32\dxcore.dll
0x00007ffd2d0a0000 - 0x00007ffd2d14b000 	C:\WINDOWS\system32\uxtheme.dll
0x00007ffd23b00000 - 0x00007ffd23b4a000 	C:\WINDOWS\SYSTEM32\directxdatabasehelper.dll
0x00007ffd2f120000 - 0x00007ffd2f138000 	C:\WINDOWS\SYSTEM32\kernel.appcore.dll
0x00007ffd2fcb0000 - 0x00007ffd2fcc2000 	C:\WINDOWS\SYSTEM32\msasn1.dll
0x00007ffd285f0000 - 0x00007ffd28622000 	C:\WINDOWS\SYSTEM32\cryptnet.dll
0x00007ffd30690000 - 0x00007ffd307f6000 	C:\WINDOWS\System32\CRYPT32.dll
0x00007ffd2f830000 - 0x00007ffd2f83c000 	C:\WINDOWS\SYSTEM32\cryptbase.dll
0x00007ffd303c0000 - 0x00007ffd3042b000 	C:\WINDOWS\System32\wintrust.dll
0x00007ffd31df0000 - 0x00007ffd31e0f000 	C:\WINDOWS\System32\imagehlp.dll
0x00007ffd2f810000 - 0x00007ffd2f82b000 	C:\WINDOWS\SYSTEM32\CRYPTSP.dll
0x00007ffd2f080000 - 0x00007ffd2f0b5000 	C:\WINDOWS\system32\rsaenh.dll
0x00007ffd30550000 - 0x00007ffd305c9000 	C:\WINDOWS\System32\bcryptPrimitives.dll
0x00007ffd24420000 - 0x00007ffd24469000 	C:\Program Files\Java\jdk1.8.0_202\jre\bin\glass.dll
0x00007ffd318e0000 - 0x00007ffd319d9000 	C:\WINDOWS\System32\COMDLG32.dll
0x00007ffd31e20000 - 0x00007ffd31fc5000 	C:\WINDOWS\System32\ole32.dll
0x00007ffd30a20000 - 0x00007ffd30af7000 	C:\WINDOWS\System32\OLEAUT32.dll
0x00007ffd312a0000 - 0x00007ffd313f3000 	C:\WINDOWS\System32\MSCTF.dll
0x00007ffcec950000 - 0x00007ffceca0c000 	C:\WINDOWS\System32\DriverStore\FileRepository\nvlt.inf_amd64_e251f9aa505cc24f\nvldumdx.dll
0x00007ffd28470000 - 0x00007ffd285c8000 	C:\WINDOWS\SYSTEM32\drvstore.dll
0x00007ffd2fcd0000 - 0x00007ffd2fcfc000 	C:\WINDOWS\SYSTEM32\devobj.dll
0x00007ffd2fd00000 - 0x00007ffd2fd4e000 	C:\WINDOWS\SYSTEM32\cfgmgr32.dll
0x00007ffd2f8c0000 - 0x00007ffd2f908000 	C:\WINDOWS\SYSTEM32\wldp.dll
0x00007ffcc5350000 - 0x00007ffcc84db000 	C:\WINDOWS\System32\DriverStore\FileRepository\nvlt.inf_amd64_e251f9aa505cc24f\nvd3dumx.dll
0x00007ffcd68c0000 - 0x00007ffcd6b83000 	C:\WINDOWS\system32\nvspcap64.dll
0x00007ffd2f140000 - 0x00007ffd2f174000 	C:\WINDOWS\SYSTEM32\ntmarta.dll
0x00007ffd2f650000 - 0x00007ffd2f676000 	C:\WINDOWS\SYSTEM32\gpapi.dll
0x00007ffcd5400000 - 0x00007ffcd5638000 	C:\WINDOWS\System32\DriverStore\FileRepository\iigd_dch.inf_amd64_a582115f5de863e1\igdumdim64.dll
0x00007ffcc8990000 - 0x00007ffcc9d00000 	C:\WINDOWS\System32\DriverStore\FileRepository\iigd_dch.inf_amd64_a582115f5de863e1\igd9dxva64.dll
0x00007ffd30d70000 - 0x00007ffd311e4000 	C:\WINDOWS\System32\SETUPAPI.dll
0x00007ffcb1020000 - 0x00007ffcb2d41000 	C:\WINDOWS\System32\DriverStore\FileRepository\iigd_dch.inf_amd64_a582115f5de863e1\media_bin_64.dll
0x00007ffd06f00000 - 0x00007ffd07338000 	C:\WINDOWS\System32\DriverStore\FileRepository\iigd_dch.inf_amd64_a582115f5de863e1\igdgmm64.dll
0x00007ffcd7260000 - 0x00007ffcd7287000 	C:\WINDOWS\System32\DriverStore\FileRepository\iigd_dch.inf_amd64_a582115f5de863e1\igdinfo64.dll
0x00007ffd03050000 - 0x00007ffd06efd000 	C:\WINDOWS\System32\DriverStore\FileRepository\iigd_dch.inf_amd64_a582115f5de863e1\igc64.dll
0x00007ffd2c140000 - 0x00007ffd2c154000 	C:\Program Files\Java\jdk1.8.0_202\jre\bin\javafx_font.dll
0x00007ffd2bec0000 - 0x00007ffd2c134000 	C:\WINDOWS\SYSTEM32\dwrite.dll
0x00007ffd32060000 - 0x00007ffd32110000 	C:\WINDOWS\System32\clbcatq.dll
0x00007ffd2c6a0000 - 0x00007ffd2c850000 	C:\WINDOWS\SYSTEM32\WindowsCodecs.dll
0x00007ffd264d0000 - 0x00007ffd2652e000 	C:\WINDOWS\system32\dataexchange.dll
0x00007ffd10bd0000 - 0x00007ffd10e5e000 	C:\WINDOWS\system32\twinapi.appcore.dll
0x00007ffd00b80000 - 0x00007ffd00bb2000 	C:\Program Files\Common Files\Microsoft Shared\Ink\rtscom.dll
0x00007ffd0bad0000 - 0x00007ffd0bc1a000 	C:\WINDOWS\SYSTEM32\textinputframework.dll
0x00007ffd2cca0000 - 0x00007ffd2cdd4000 	C:\WINDOWS\SYSTEM32\CoreMessaging.dll
0x00007ffd0b380000 - 0x00007ffd0b6ec000 	C:\WINDOWS\SYSTEM32\CoreUIComponents.dll
0x00007ffd2a680000 - 0x00007ffd2a692000 	C:\Program Files\Java\jdk1.8.0_202\jre\bin\prism_common.dll
0x00007ffd23c90000 - 0x00007ffd23cb6000 	C:\Program Files\Java\jdk1.8.0_202\jre\bin\javafx_iio.dll
0x00007ffd2b8c0000 - 0x00007ffd2beae000 	C:\WINDOWS\SYSTEM32\d2d1.dll

VM Arguments:
jvm_args: -Dfile.encoding=UTF-8 
java_command: C:\Users\Lenovo\OneDrive\Documents\GitHub\CSE213OOP\dist\run1711311212\Group_18_ISP_CSE213.jar
java_class_path (initial): C:\Users\Lenovo\OneDrive\Documents\GitHub\CSE213OOP\dist\run1711311212\Group_18_ISP_CSE213.jar
Launcher Type: SUN_STANDARD

Environment Variables:
PATH=C:\Program Files (x86)\Common Files\Oracle\Java\javapath;C:\Windows\system32;C:\Windows;C:\Windows\System32\Wbem;C:\Windows\System32\WindowsPowerShell\v1.0\;C:\Windows\System32\OpenSSH\;C:\Program Files (x86)\NVIDIA Corporation\PhysX\Common;C:\Program Files\NVIDIA Corporation\NVIDIA NvDLISR;C:\WINDOWS\system32;C:\WINDOWS;C:\WINDOWS\System32\Wbem;C:\WINDOWS\System32\WindowsPowerShell\v1.0\;C:\WINDOWS\System32\OpenSSH\;C:\Program Files\dotnet\;C:\Program Files\Cloudflare\Cloudflare WARP\;C:\xampp\php;C:\ProgramData\ComposerSetup\bin;C:\Program Files\nodejs\;C:\Program Files\Git\cmd;C:\Program Files\Git\bin;C:\Users\Lenovo\AppData\Local\Microsoft\WindowsApps;C:\Users\Lenovo\AppData\Local\Programs\Microsoft VS Code\bin;C:\Users\Lenovo\AppData\Roaming\Composer\vendor\bin;C:\Users\Lenovo\AppData\Roaming\npm;C:\Users\Lenovo\AppData\Local\JetBrains\IntelliJ IDEA Community Edition 2023.2.2\bin;;C:\Program Files\JetBrains\PhpStorm 2023.2.3\bin;;C:\Users\Lenovo\.dotnet\tools;C:\Program Files\Git\bin;C:\Users\Lenovo\AppData\Local\GitHubDesktop\bin
USERNAME=Lenovo
OS=Windows_NT
PROCESSOR_IDENTIFIER=Intel64 Family 6 Model 140 Stepping 1, GenuineIntel



---------------  S Y S T E M  ---------------

OS: Windows 10.0 , 64 bit Build 22621 (10.0.22621.3374)

CPU:total 4 (initial active 4) (4 cores per cpu, 2 threads per core) family 6 model 140 stepping 1, cmov, cx8, fxsr, mmx, sse, sse2, sse3, ssse3, sse4.1, sse4.2, popcnt, avx, avx2, aes, clmul, erms, 3dnowpref, lzcnt, ht, tsc, tscinvbit, bmi1, bmi2, adx

Memory: 4k page, physical 8183096k(527776k free), swap 18144568k(836k free)

vm_info: Java HotSpot(TM) 64-Bit Server VM (25.202-b08) for windows-amd64 JRE (1.8.0_202-b08), built on Dec 15 2018 19:54:30 by "java_re" with MS VC++ 10.0 (VS2010)

time: Sat Apr 06 04:24:24 2024
timezone: Bangladesh Standard Time
elapsed time: 9 seconds (0d 0h 0m 9s)

