#
# There is insufficient memory for the Java Runtime Environment to continue.
# Native memory allocation (malloc) failed to allocate 84816 bytes for Chunk::new
# Possible reasons:
#   The system is out of physical RAM or swap space
#   The process is running with CompressedOops enabled, and the Java Heap may be blocking the growth of the native heap
# Possible solutions:
#   Reduce memory load on the system
#   Increase physical memory or swap space
#   Check if swap backing store is full
#   Decrease Java heap size (-Xmx/-Xms)
#   Decrease number of Java threads
#   Decrease Java thread stack sizes (-Xss)
#   Set larger code cache with -XX:ReservedCodeCacheSize=
#   JVM is running with Unscaled Compressed Oops mode in which the Java heap is
#     placed in the first 4GB address space. The Java Heap base address is the
#     maximum limit for the native heap growth. Please use -XX:HeapBaseMinAddress
#     to set the Java Heap base and to place the Java Heap above 4GB virtual address.
# This output file may be truncated or incomplete.
#
#  Out of Memory Error (allocation.cpp:389), pid=33936, tid=0x0000000000005dec
#
# JRE version: Java(TM) SE Runtime Environment (8.0_202-b08) (build 1.8.0_202-b08)
# Java VM: Java HotSpot(TM) 64-Bit Server VM (25.202-b08 mixed mode windows-amd64 compressed oops)
# Failed to write core dump. Minidumps are not enabled by default on client versions of Windows
#

---------------  T H R E A D  ---------------

Current thread (0x00000000170ec800):  JavaThread "C2 CompilerThread1" daemon [_thread_in_native, id=24044, stack(0x0000000018850000,0x0000000018950000)]

Stack: [0x0000000018850000,0x0000000018950000]
[error occurred during error reporting (printing stack bounds), id 0xc0000005]

Native frames: (J=compiled Java code, j=interpreted, Vv=VM code, C=native code)


Current CompileTask:
C2:   9958 3266       4       com.sun.prism.impl.ps.BaseShaderContext::checkState (208 bytes)


---------------  P R O C E S S  ---------------

Java Threads: ( => current thread )
  0x000000001a71b800 JavaThread "Prism Font Disposer" daemon [_thread_blocked, id=15272, stack(0x0000000024590000,0x0000000024690000)]
  0x0000000018e43800 JavaThread "Thread-3" daemon [_thread_in_native, id=28764, stack(0x0000000021500000,0x0000000021600000)]
  0x0000000018e10000 JavaThread "JavaFX-Launcher" [_thread_blocked, id=18148, stack(0x0000000021600000,0x0000000021700000)]
  0x0000000018dd4800 JavaThread "JavaFX Application Thread" [_thread_in_native, id=32932, stack(0x000000001a170000,0x000000001a270000)]
  0x0000000018dd3800 JavaThread "Thread-1" daemon [_thread_blocked, id=33776, stack(0x000000001a070000,0x000000001a170000)]
  0x0000000018d99000 JavaThread "QuantumRenderer-0" daemon [_thread_in_native, id=31648, stack(0x0000000019230000,0x0000000019330000)]
  0x0000000018a58000 JavaThread "Service Thread" daemon [_thread_blocked, id=23724, stack(0x0000000018e50000,0x0000000018f50000)]
  0x000000001713d800 JavaThread "C1 CompilerThread2" daemon [_thread_blocked, id=33152, stack(0x0000000018950000,0x0000000018a50000)]
=>0x00000000170ec800 JavaThread "C2 CompilerThread1" daemon [_thread_in_native, id=24044, stack(0x0000000018850000,0x0000000018950000)]
  0x00000000170e9000 JavaThread "C2 CompilerThread0" daemon [_thread_blocked, id=34288, stack(0x0000000018750000,0x0000000018850000)]
  0x00000000170e5800 JavaThread "Attach Listener" daemon [_thread_blocked, id=21932, stack(0x0000000018650000,0x0000000018750000)]
  0x00000000170e4000 JavaThread "Signal Dispatcher" daemon [_thread_blocked, id=33284, stack(0x0000000018550000,0x0000000018650000)]
  0x000000000268c000 JavaThread "Finalizer" daemon [_thread_blocked, id=31356, stack(0x0000000018350000,0x0000000018450000)]
  0x0000000002683000 JavaThread "Reference Handler" daemon [_thread_blocked, id=31988, stack(0x0000000018250000,0x0000000018350000)]
  0x0000000002592800 JavaThread "main" [_thread_blocked, id=26788, stack(0x00000000023c0000,0x00000000024c0000)]

Other Threads:
  0x00000000170a7800 VMThread [stack: 0x0000000018150000,0x0000000018250000] [id=19916]
  0x0000000018a69800 WatcherThread [stack: 0x0000000018f50000,0x0000000019050000] [id=34540]

VM state:not at safepoint (normal execution)

VM Mutex/Monitor currently owned by a thread: None

heap address: 0x0000000083200000, size: 1998 MB, Compressed Oops mode: 32-bit
Narrow klass base: 0x0000000000000000, Narrow klass shift: 3
Compressed class space size: 1073741824 Address: 0x0000000100000000

Heap:
 PSYoungGen      total 70656K, used 6131K [0x00000000d6600000, 0x00000000db000000, 0x0000000100000000)
  eden space 65536K, 9% used [0x00000000d6600000,0x00000000d6bfcf28,0x00000000da600000)
  from space 5120K, 0% used [0x00000000dab00000,0x00000000dab00000,0x00000000db000000)
  to   space 5120K, 0% used [0x00000000da600000,0x00000000da600000,0x00000000dab00000)
 ParOldGen       total 116736K, used 49345K [0x0000000083200000, 0x000000008a400000, 0x00000000d6600000)
  object space 116736K, 42% used [0x0000000083200000,0x00000000862305f8,0x000000008a400000)
 Metaspace       used 20822K, capacity 22140K, committed 22272K, reserved 1069056K
  class space    used 3083K, capacity 3328K, committed 3328K, reserved 1048576K

Card table byte_map: [0x0000000011a50000,0x0000000011e40000] byte_map_base: 0x0000000011637000

Marking Bits: (ParMarkBitMap*) 0x0000000069b05ce0
 Begin Bits: [0x00000000124e0000, 0x0000000014418000)
 End Bits:   [0x0000000014418000, 0x0000000016350000)

Polling page: 0x0000000002330000

CodeCache: size=245760Kb used=10158Kb max_used=10169Kb free=235601Kb
 bounds [0x0000000002690000, 0x0000000003090000, 0x0000000011690000]
 total_blobs=3946 nmethods=3266 adapters=589
 compilation: enabled

Compilation events (10 events):
Event: 9.920 Thread 0x000000001713d800 nmethod 3262 0x0000000003080290 code [0x00000000030803e0, 0x0000000003080590]
Event: 9.934 Thread 0x000000001713d800 3263       3       javafx.scene.Node::maxWidth (6 bytes)
Event: 9.934 Thread 0x000000001713d800 nmethod 3263 0x0000000003080650 code [0x00000000030807c0, 0x00000000030809c8]
Event: 9.934 Thread 0x000000001713d800 3264       3       javafx.scene.Node::resize (1 bytes)
Event: 9.934 Thread 0x000000001713d800 nmethod 3264 0x0000000003080a50 code [0x0000000003080ba0, 0x0000000003080cf0]
Event: 9.936 Thread 0x00000000170e9000 3265       4       com.sun.javafx.geom.transform.Affine3D::transform (352 bytes)
Event: 9.936 Thread 0x00000000170ec800 3266       4       com.sun.prism.impl.ps.BaseShaderContext::checkState (208 bytes)
Event: 9.936 Thread 0x000000001713d800 3267       3       com.sun.prism.impl.BaseGraphics::setClipRectIndex (6 bytes)
Event: 9.937 Thread 0x000000001713d800 nmethod 3267 0x0000000003080d90 code [0x0000000003080ee0, 0x0000000003081030]
Event: 9.937 Thread 0x00000000170e9000 nmethod 3265 0x0000000003083e10 code [0x0000000003083f80, 0x00000000030840b8]

GC Heap History (10 events):
Event: 1.443 GC heap before
{Heap before GC invocations=1 (full 0):
 PSYoungGen      total 37888K, used 32768K [0x00000000d6600000, 0x00000000d9000000, 0x0000000100000000)
  eden space 32768K, 100% used [0x00000000d6600000,0x00000000d8600000,0x00000000d8600000)
  from space 5120K, 0% used [0x00000000d8b00000,0x00000000d8b00000,0x00000000d9000000)
  to   space 5120K, 0% used [0x00000000d8600000,0x00000000d8600000,0x00000000d8b00000)
 ParOldGen       total 86016K, used 0K [0x0000000083200000, 0x0000000088600000, 0x00000000d6600000)
  object space 86016K, 0% used [0x0000000083200000,0x0000000083200000,0x0000000088600000)
 Metaspace       used 15429K, capacity 16258K, committed 16384K, reserved 1062912K
  class space    used 2295K, capacity 2497K, committed 2560K, reserved 1048576K
Event: 1.457 GC heap after
Heap after GC invocations=1 (full 0):
 PSYoungGen      total 37888K, used 4770K [0x00000000d6600000, 0x00000000d9000000, 0x0000000100000000)
  eden space 32768K, 0% used [0x00000000d6600000,0x00000000d6600000,0x00000000d8600000)
  from space 5120K, 93% used [0x00000000d8600000,0x00000000d8aa8b40,0x00000000d8b00000)
  to   space 5120K, 0% used [0x00000000d8b00000,0x00000000d8b00000,0x00000000d9000000)
 ParOldGen       total 86016K, used 80K [0x0000000083200000, 0x0000000088600000, 0x00000000d6600000)
  object space 86016K, 0% used [0x0000000083200000,0x0000000083214010,0x0000000088600000)
 Metaspace       used 15429K, capacity 16258K, committed 16384K, reserved 1062912K
  class space    used 2295K, capacity 2497K, committed 2560K, reserved 1048576K
}
Event: 6.349 GC heap before
{Heap before GC invocations=2 (full 0):
 PSYoungGen      total 37888K, used 35885K [0x00000000d6600000, 0x00000000d9000000, 0x0000000100000000)
  eden space 32768K, 94% used [0x00000000d6600000,0x00000000d84628d8,0x00000000d8600000)
  from space 5120K, 93% used [0x00000000d8600000,0x00000000d8aa8b40,0x00000000d8b00000)
  to   space 5120K, 0% used [0x00000000d8b00000,0x00000000d8b00000,0x00000000d9000000)
 ParOldGen       total 86016K, used 80K [0x0000000083200000, 0x0000000088600000, 0x00000000d6600000)
  object space 86016K, 0% used [0x0000000083200000,0x0000000083214010,0x0000000088600000)
 Metaspace       used 18235K, capacity 19234K, committed 19328K, reserved 1064960K
  class space    used 2661K, capacity 2865K, committed 2944K, reserved 1048576K
Event: 6.362 GC heap after
Heap after GC invocations=2 (full 0):
 PSYoungGen      total 37888K, used 5099K [0x00000000d6600000, 0x00000000d9000000, 0x0000000100000000)
  eden space 32768K, 0% used [0x00000000d6600000,0x00000000d6600000,0x00000000d8600000)
  from space 5120K, 99% used [0x00000000d8b00000,0x00000000d8ffacf8,0x00000000d9000000)
  to   space 5120K, 0% used [0x00000000d8600000,0x00000000d8600000,0x00000000d8b00000)
 ParOldGen       total 86016K, used 21217K [0x0000000083200000, 0x0000000088600000, 0x00000000d6600000)
  object space 86016K, 24% used [0x0000000083200000,0x00000000846b8460,0x0000000088600000)
 Metaspace       used 18235K, capacity 19234K, committed 19328K, reserved 1064960K
  class space    used 2661K, capacity 2865K, committed 2944K, reserved 1048576K
}
Event: 6.573 GC heap before
{Heap before GC invocations=3 (full 0):
 PSYoungGen      total 37888K, used 36089K [0x00000000d6600000, 0x00000000d9000000, 0x0000000100000000)
  eden space 32768K, 94% used [0x00000000d6600000,0x00000000d84437d8,0x00000000d8600000)
  from space 5120K, 99% used [0x00000000d8b00000,0x00000000d8ffacf8,0x00000000d9000000)
  to   space 5120K, 0% used [0x00000000d8600000,0x00000000d8600000,0x00000000d8b00000)
 ParOldGen       total 86016K, used 21217K [0x0000000083200000, 0x0000000088600000, 0x00000000d6600000)
  object space 86016K, 24% used [0x0000000083200000,0x00000000846b8460,0x0000000088600000)
 Metaspace       used 19248K, capacity 20384K, committed 20608K, reserved 1067008K
  class space    used 2873K, capacity 3106K, committed 3200K, reserved 1048576K
Event: 6.584 GC heap after
Heap after GC invocations=3 (full 0):
 PSYoungGen      total 37888K, used 4884K [0x00000000d6600000, 0x00000000db000000, 0x0000000100000000)
  eden space 32768K, 0% used [0x00000000d6600000,0x00000000d6600000,0x00000000d8600000)
  from space 5120K, 95% used [0x00000000d8600000,0x00000000d8ac5248,0x00000000d8b00000)
  to   space 5120K, 0% used [0x00000000dab00000,0x00000000dab00000,0x00000000db000000)
 ParOldGen       total 86016K, used 41842K [0x0000000083200000, 0x0000000088600000, 0x00000000d6600000)
  object space 86016K, 48% used [0x0000000083200000,0x0000000085adc8f0,0x0000000088600000)
 Metaspace       used 19248K, capacity 20384K, committed 20608K, reserved 1067008K
  class space    used 2873K, capacity 3106K, committed 3200K, reserved 1048576K
}
Event: 6.722 GC heap before
{Heap before GC invocations=4 (full 0):
 PSYoungGen      total 37888K, used 14656K [0x00000000d6600000, 0x00000000db000000, 0x0000000100000000)
  eden space 32768K, 29% used [0x00000000d6600000,0x00000000d6f8afc0,0x00000000d8600000)
  from space 5120K, 95% used [0x00000000d8600000,0x00000000d8ac5248,0x00000000d8b00000)
  to   space 5120K, 0% used [0x00000000dab00000,0x00000000dab00000,0x00000000db000000)
 ParOldGen       total 86016K, used 41842K [0x0000000083200000, 0x0000000088600000, 0x00000000d6600000)
  object space 86016K, 48% used [0x0000000083200000,0x0000000085adc8f0,0x0000000088600000)
 Metaspace       used 19904K, capacity 21152K, committed 21248K, reserved 1067008K
  class space    used 2999K, capacity 3250K, committed 3328K, reserved 1048576K
Event: 6.731 GC heap after
Heap after GC invocations=4 (full 0):
 PSYoungGen      total 70656K, used 5093K [0x00000000d6600000, 0x00000000db000000, 0x0000000100000000)
  eden space 65536K, 0% used [0x00000000d6600000,0x00000000d6600000,0x00000000da600000)
  from space 5120K, 99% used [0x00000000dab00000,0x00000000daff9688,0x00000000db000000)
  to   space 5120K, 0% used [0x00000000da600000,0x00000000da600000,0x00000000dab00000)
 ParOldGen       total 86016K, used 46866K [0x0000000083200000, 0x0000000088600000, 0x00000000d6600000)
  object space 86016K, 54% used [0x0000000083200000,0x0000000085fc4920,0x0000000088600000)
 Metaspace       used 19904K, capacity 21152K, committed 21248K, reserved 1067008K
  class space    used 2999K, capacity 3250K, committed 3328K, reserved 1048576K
}
Event: 6.731 GC heap before
{Heap before GC invocations=5 (full 1):
 PSYoungGen      total 70656K, used 5093K [0x00000000d6600000, 0x00000000db000000, 0x0000000100000000)
  eden space 65536K, 0% used [0x00000000d6600000,0x00000000d6600000,0x00000000da600000)
  from space 5120K, 99% used [0x00000000dab00000,0x00000000daff9688,0x00000000db000000)
  to   space 5120K, 0% used [0x00000000da600000,0x00000000da600000,0x00000000dab00000)
 ParOldGen       total 86016K, used 46866K [0x0000000083200000, 0x0000000088600000, 0x00000000d6600000)
  object space 86016K, 54% used [0x0000000083200000,0x0000000085fc4920,0x0000000088600000)
 Metaspace       used 19904K, capacity 21152K, committed 21248K, reserved 1067008K
  class space    used 2999K, capacity 3250K, committed 3328K, reserved 1048576K
Event: 6.763 GC heap after
Heap after GC invocations=5 (full 1):
 PSYoungGen      total 70656K, used 0K [0x00000000d6600000, 0x00000000db000000, 0x0000000100000000)
  eden space 65536K, 0% used [0x00000000d6600000,0x00000000d6600000,0x00000000da600000)
  from space 5120K, 0% used [0x00000000dab00000,0x00000000dab00000,0x00000000db000000)
  to   space 5120K, 0% used [0x00000000da600000,0x00000000da600000,0x00000000dab00000)
 ParOldGen       total 116736K, used 49345K [0x0000000083200000, 0x000000008a400000, 0x00000000d6600000)
  object space 116736K, 42% used [0x0000000083200000,0x00000000862305f8,0x000000008a400000)
 Metaspace       used 19904K, capacity 21152K, committed 21248K, reserved 1067008K
  class space    used 2999K, capacity 3250K, committed 3328K, reserved 1048576K
}

Deoptimization events (10 events):
Event: 6.719 Thread 0x0000000018dd4800 Uncommon trap: reason=array_check action=maybe_recompile pc=0x0000000002e12dcc method=com.sun.javafx.css.CompoundSelector.applies(Ljavafx/css/Styleable;[Ljava/util/Set;I)Z @ 128
Event: 6.719 Thread 0x0000000018dd4800 Uncommon trap: reason=array_check action=maybe_recompile pc=0x0000000002e12dcc method=com.sun.javafx.css.CompoundSelector.applies(Ljavafx/css/Styleable;[Ljava/util/Set;I)Z @ 128
Event: 6.719 Thread 0x0000000018dd4800 Uncommon trap: reason=array_check action=maybe_recompile pc=0x0000000002e12dcc method=com.sun.javafx.css.CompoundSelector.applies(Ljavafx/css/Styleable;[Ljava/util/Set;I)Z @ 128
Event: 6.719 Thread 0x0000000018dd4800 Uncommon trap: reason=array_check action=maybe_recompile pc=0x0000000002e12dcc method=com.sun.javafx.css.CompoundSelector.applies(Ljavafx/css/Styleable;[Ljava/util/Set;I)Z @ 128
Event: 6.789 Thread 0x0000000018dd4800 Uncommon trap: reason=unstable_if action=reinterpret pc=0x0000000002c0bb10 method=com.sun.javafx.css.CompoundSelector.applies(Ljavafx/css/Styleable;I[Ljava/util/Set;I)Z @ 125
Event: 6.817 Thread 0x0000000018dd4800 Uncommon trap: reason=unstable_if action=reinterpret pc=0x0000000002af94b8 method=javafx.scene.CssStyleHelper.getStyle(Ljavafx/css/Styleable;Ljava/lang/String;Lcom/sun/javafx/css/StyleMap;Ljava/util/Set;)Lcom/sun/javafx/css/CascadingStyle; @ 8
Event: 6.833 Thread 0x0000000018dd4800 Uncommon trap: reason=unstable_if action=reinterpret pc=0x0000000002c87dac method=javafx.scene.Node.updateLocalToParentTransform()V @ 337
Event: 6.861 Thread 0x0000000018d99000 Uncommon trap: reason=unstable_if action=reinterpret pc=0x0000000002c07ab4 method=java.lang.Math.round(F)I @ 23
Event: 6.909 Thread 0x0000000018d99000 Uncommon trap: reason=class_check action=maybe_recompile pc=0x0000000002d895b4 method=java.util.concurrent.ConcurrentHashMap.putVal(Ljava/lang/Object;Ljava/lang/Object;Z)Ljava/lang/Object; @ 192
Event: 6.909 Thread 0x0000000018d99000 Uncommon trap: reason=class_check action=maybe_recompile pc=0x0000000002d895b4 method=java.util.concurrent.ConcurrentHashMap.putVal(Ljava/lang/Object;Ljava/lang/Object;Z)Ljava/lang/Object; @ 192

Classes redefined (0 events):
No events

Internal exceptions (10 events):
Event: 0.847 Thread 0x0000000018dd4800 Exception <a 'java/lang/ArrayIndexOutOfBoundsException'> (0x00000000d786c270) thrown at [C:\re\workspace\8-2-build-windows-amd64-cygwin\jdk8u202\12323\hotspot\src\share\vm\runtime\sharedRuntime.cpp, line 605]
Event: 0.848 Thread 0x0000000018dd4800 Exception <a 'java/lang/ArrayIndexOutOfBoundsException'> (0x00000000d786cf70) thrown at [C:\re\workspace\8-2-build-windows-amd64-cygwin\jdk8u202\12323\hotspot\src\share\vm\runtime\sharedRuntime.cpp, line 605]
Event: 0.848 Thread 0x0000000018dd4800 Exception <a 'java/lang/ArrayIndexOutOfBoundsException'> (0x00000000d786e318) thrown at [C:\re\workspace\8-2-build-windows-amd64-cygwin\jdk8u202\12323\hotspot\src\share\vm\runtime\sharedRuntime.cpp, line 605]
Event: 1.052 Thread 0x0000000018dd4800 Implicit null exception at 0x00000000029648b5 to 0x0000000002964ac5
Event: 6.242 Thread 0x0000000018dd4800 Exception <a 'java/lang/NoSuchMethodError': <clinit>> (0x00000000d6fd0090) thrown at [C:\re\workspace\8-2-build-windows-amd64-cygwin\jdk8u202\12323\hotspot\src\share\vm\prims\jni.cpp, line 1614]
Event: 6.277 Thread 0x0000000018dd4800 Exception <a 'java/lang/ArrayIndexOutOfBoundsException'> (0x00000000d70c3d30) thrown at [C:\re\workspace\8-2-build-windows-amd64-cygwin\jdk8u202\12323\hotspot\src\share\vm\runtime\sharedRuntime.cpp, line 605]
Event: 6.278 Thread 0x0000000018dd4800 Exception <a 'java/lang/ArrayIndexOutOfBoundsException'> (0x00000000d70c9600) thrown at [C:\re\workspace\8-2-build-windows-amd64-cygwin\jdk8u202\12323\hotspot\src\share\vm\runtime\sharedRuntime.cpp, line 605]
Event: 6.283 Thread 0x0000000018dd4800 Exception <a 'java/lang/ArrayIndexOutOfBoundsException'> (0x00000000d710da48) thrown at [C:\re\workspace\8-2-build-windows-amd64-cygwin\jdk8u202\12323\hotspot\src\share\vm\runtime\sharedRuntime.cpp, line 605]
Event: 6.370 Thread 0x0000000018dd4800 Exception <a 'java/lang/ArrayIndexOutOfBoundsException': 4096> (0x00000000d684c780) thrown at [C:\re\workspace\8-2-build-windows-amd64-cygwin\jdk8u202\12323\hotspot\src\share\vm\interpreter\interpreterRuntime.cpp, line 368]
Event: 6.625 Thread 0x0000000018dd4800 Exception <a 'java/lang/ArrayIndexOutOfBoundsException': 65> (0x00000000d6b8df60) thrown at [C:\re\workspace\8-2-build-windows-amd64-cygwin\jdk8u202\12323\hotspot\src\share\vm\interpreter\interpreterRuntime.cpp, line 368]

Events (10 events):
Event: 7.256 loading class java/util/IdentityHashMap$KeySet
Event: 7.257 loading class java/util/IdentityHashMap$KeySet done
Event: 7.606 Executing VM operation: RevokeBias
Event: 7.606 Executing VM operation: RevokeBias done
Event: 7.623 Executing VM operation: RevokeBias
Event: 7.623 Executing VM operation: RevokeBias done
Event: 7.793 loading class com/sun/prism/impl/ManagedResource
Event: 7.793 loading class com/sun/prism/impl/ManagedResource done
Event: 7.793 loading class com/sun/prism/impl/BaseResourcePool$Predicate
Event: 7.793 loading class com/sun/prism/impl/BaseResourcePool$Predicate done


Dynamic libraries:
0x00007ff7f88d0000 - 0x00007ff7f8907000 	C:\Program Files\Java\jdk1.8.0_202\jre\bin\java.exe
0x00007ffd32cf0000 - 0x00007ffd32f06000 	C:\WINDOWS\SYSTEM32\ntdll.dll
0x00007ffd31400000 - 0x00007ffd314c4000 	C:\WINDOWS\System32\KERNEL32.DLL
0x00007ffd30010000 - 0x00007ffd303b7000 	C:\WINDOWS\System32\KERNELBASE.dll
0x00007ffd32170000 - 0x00007ffd32222000 	C:\WINDOWS\System32\ADVAPI32.dll
0x00007ffd31680000 - 0x00007ffd31727000 	C:\WINDOWS\System32\msvcrt.dll
0x00007ffd311f0000 - 0x00007ffd31298000 	C:\WINDOWS\System32\sechost.dll
0x00007ffd30800000 - 0x00007ffd30828000 	C:\WINDOWS\System32\bcrypt.dll
0x00007ffd32230000 - 0x00007ffd32345000 	C:\WINDOWS\System32\RPCRT4.dll
0x00007ffd314d0000 - 0x00007ffd3167e000 	C:\WINDOWS\System32\USER32.dll
0x00007ffd30830000 - 0x00007ffd30856000 	C:\WINDOWS\System32\win32u.dll
0x00007ffd30b00000 - 0x00007ffd30b29000 	C:\WINDOWS\System32\GDI32.dll
0x00007ffd30430000 - 0x00007ffd30549000 	C:\WINDOWS\System32\gdi32full.dll
0x00007ffd30980000 - 0x00007ffd30a1a000 	C:\WINDOWS\System32\msvcp_win.dll
0x00007ffd30860000 - 0x00007ffd30971000 	C:\WINDOWS\System32\ucrtbase.dll
0x00007ffd1cc30000 - 0x00007ffd1cec3000 	C:\WINDOWS\WinSxS\amd64_microsoft.windows.common-controls_6595b64144ccf1df_6.0.22621.3235_none_270f74e173860f98\COMCTL32.dll
0x00007ffd32130000 - 0x00007ffd32161000 	C:\WINDOWS\System32\IMM32.DLL
0x000000006b270000 - 0x000000006b342000 	C:\Program Files\Java\jdk1.8.0_202\jre\bin\msvcr100.dll
0x00000000692e0000 - 0x0000000069b85000 	C:\Program Files\Java\jdk1.8.0_202\jre\bin\server\jvm.dll
0x00007ffd30d00000 - 0x00007ffd30d08000 	C:\WINDOWS\System32\PSAPI.DLL
0x00007ffd24340000 - 0x00007ffd24349000 	C:\WINDOWS\SYSTEM32\WSOCK32.dll
0x00007ffd317f0000 - 0x00007ffd31861000 	C:\WINDOWS\System32\WS2_32.dll
0x00007ffd2a860000 - 0x00007ffd2a894000 	C:\WINDOWS\SYSTEM32\WINMM.dll
0x00007ffd28630000 - 0x00007ffd2863a000 	C:\WINDOWS\SYSTEM32\VERSION.dll
0x00007ffd24270000 - 0x00007ffd2427f000 	C:\Program Files\Java\jdk1.8.0_202\jre\bin\verify.dll
0x00007ffd1c8c0000 - 0x00007ffd1c8e9000 	C:\Program Files\Java\jdk1.8.0_202\jre\bin\java.dll
0x00007ffd1bdd0000 - 0x00007ffd1bde6000 	C:\Program Files\Java\jdk1.8.0_202\jre\bin\zip.dll
0x00007ffd32350000 - 0x00007ffd32bac000 	C:\WINDOWS\System32\SHELL32.dll
0x00007ffd2df50000 - 0x00007ffd2e849000 	C:\WINDOWS\SYSTEM32\windows.storage.dll
0x00007ffd319e0000 - 0x00007ffd31d68000 	C:\WINDOWS\System32\combase.dll
0x00007ffd2de10000 - 0x00007ffd2df4e000 	C:\WINDOWS\SYSTEM32\wintypes.dll
0x00007ffd32bb0000 - 0x00007ffd32ca3000 	C:\WINDOWS\System32\SHCORE.dll
0x00007ffd30d10000 - 0x00007ffd30d6e000 	C:\WINDOWS\System32\shlwapi.dll
0x00007ffd2ff40000 - 0x00007ffd2ff61000 	C:\WINDOWS\SYSTEM32\profapi.dll
0x00000000024e0000 - 0x00000000024e3000 	C:\Program Files\Java\jdk1.8.0_202\jre\bin\api-ms-win-core-console-l1-1-0.dll
0x00000000024f0000 - 0x00000000024f3000 	C:\Program Files\Java\jdk1.8.0_202\jre\bin\api-ms-win-core-datetime-l1-1-0.dll
0x0000000002500000 - 0x0000000002503000 	C:\Program Files\Java\jdk1.8.0_202\jre\bin\api-ms-win-core-debug-l1-1-0.dll
0x0000000002510000 - 0x0000000002513000 	C:\Program Files\Java\jdk1.8.0_202\jre\bin\api-ms-win-core-errorhandling-l1-1-0.dll
0x0000000002520000 - 0x0000000002524000 	C:\Program Files\Java\jdk1.8.0_202\jre\bin\api-ms-win-core-file-l1-1-0.dll
0x0000000002530000 - 0x0000000002533000 	C:\Program Files\Java\jdk1.8.0_202\jre\bin\api-ms-win-core-file-l1-2-0.dll
0x0000000002540000 - 0x0000000002543000 	C:\Program Files\Java\jdk1.8.0_202\jre\bin\api-ms-win-core-file-l2-1-0.dll
0x0000000002550000 - 0x0000000002553000 	C:\Program Files\Java\jdk1.8.0_202\jre\bin\api-ms-win-core-handle-l1-1-0.dll
0x0000000002560000 - 0x0000000002563000 	C:\Program Files\Java\jdk1.8.0_202\jre\bin\api-ms-win-core-heap-l1-1-0.dll
0x0000000002570000 - 0x0000000002573000 	C:\Program Files\Java\jdk1.8.0_202\jre\bin\api-ms-win-core-interlocked-l1-1-0.dll
0x0000000019050000 - 0x0000000019053000 	C:\Program Files\Java\jdk1.8.0_202\jre\bin\api-ms-win-core-libraryloader-l1-1-0.dll
0x0000000019060000 - 0x0000000019063000 	C:\Program Files\Java\jdk1.8.0_202\jre\bin\api-ms-win-core-localization-l1-2-0.dll
0x0000000019070000 - 0x0000000019073000 	C:\Program Files\Java\jdk1.8.0_202\jre\bin\api-ms-win-core-memory-l1-1-0.dll
0x0000000019080000 - 0x0000000019083000 	C:\Program Files\Java\jdk1.8.0_202\jre\bin\api-ms-win-core-namedpipe-l1-1-0.dll
0x0000000019090000 - 0x0000000019093000 	C:\Program Files\Java\jdk1.8.0_202\jre\bin\api-ms-win-core-processenvironment-l1-1-0.dll
0x00000000190a0000 - 0x00000000190a3000 	C:\Program Files\Java\jdk1.8.0_202\jre\bin\api-ms-win-core-processthreads-l1-1-0.dll
0x00000000190b0000 - 0x00000000190b3000 	C:\Program Files\Java\jdk1.8.0_202\jre\bin\api-ms-win-core-processthreads-l1-1-1.dll
0x00000000190c0000 - 0x00000000190c3000 	C:\Program Files\Java\jdk1.8.0_202\jre\bin\api-ms-win-core-profile-l1-1-0.dll
0x00000000190d0000 - 0x00000000190d3000 	C:\Program Files\Java\jdk1.8.0_202\jre\bin\api-ms-win-core-rtlsupport-l1-1-0.dll
0x00000000190e0000 - 0x00000000190e3000 	C:\Program Files\Java\jdk1.8.0_202\jre\bin\api-ms-win-core-string-l1-1-0.dll
0x00000000190f0000 - 0x00000000190f3000 	C:\Program Files\Java\jdk1.8.0_202\jre\bin\api-ms-win-core-synch-l1-1-0.dll
0x0000000019100000 - 0x0000000019103000 	C:\Program Files\Java\jdk1.8.0_202\jre\bin\api-ms-win-core-synch-l1-2-0.dll
0x0000000019110000 - 0x0000000019113000 	C:\Program Files\Java\jdk1.8.0_202\jre\bin\api-ms-win-core-sysinfo-l1-1-0.dll
0x0000000019120000 - 0x0000000019123000 	C:\Program Files\Java\jdk1.8.0_202\jre\bin\api-ms-win-core-timezone-l1-1-0.dll
0x0000000019130000 - 0x0000000019133000 	C:\Program Files\Java\jdk1.8.0_202\jre\bin\api-ms-win-core-util-l1-1-0.dll
0x0000000019140000 - 0x0000000019143000 	C:\Program Files\Java\jdk1.8.0_202\jre\bin\api-ms-win-crt-conio-l1-1-0.dll
0x0000000019150000 - 0x0000000019154000 	C:\Program Files\Java\jdk1.8.0_202\jre\bin\api-ms-win-crt-convert-l1-1-0.dll
0x0000000019160000 - 0x0000000019163000 	C:\Program Files\Java\jdk1.8.0_202\jre\bin\api-ms-win-crt-environment-l1-1-0.dll
0x0000000019170000 - 0x0000000019173000 	C:\Program Files\Java\jdk1.8.0_202\jre\bin\api-ms-win-crt-filesystem-l1-1-0.dll
0x0000000019180000 - 0x0000000019183000 	C:\Program Files\Java\jdk1.8.0_202\jre\bin\api-ms-win-crt-heap-l1-1-0.dll
0x0000000019190000 - 0x0000000019193000 	C:\Program Files\Java\jdk1.8.0_202\jre\bin\api-ms-win-crt-locale-l1-1-0.dll
0x00000000191a0000 - 0x00000000191a5000 	C:\Program Files\Java\jdk1.8.0_202\jre\bin\api-ms-win-crt-math-l1-1-0.dll
0x00000000191b0000 - 0x00000000191b5000 	C:\Program Files\Java\jdk1.8.0_202\jre\bin\api-ms-win-crt-multibyte-l1-1-0.dll
0x00000000191c0000 - 0x00000000191d0000 	C:\Program Files\Java\jdk1.8.0_202\jre\bin\api-ms-win-crt-private-l1-1-0.dll
0x00000000191d0000 - 0x00000000191d3000 	C:\Program Files\Java\jdk1.8.0_202\jre\bin\api-ms-win-crt-process-l1-1-0.dll
0x00000000191e0000 - 0x00000000191e4000 	C:\Program Files\Java\jdk1.8.0_202\jre\bin\api-ms-win-crt-runtime-l1-1-0.dll
0x00000000191f0000 - 0x00000000191f4000 	C:\Program Files\Java\jdk1.8.0_202\jre\bin\api-ms-win-crt-stdio-l1-1-0.dll
0x0000000019200000 - 0x0000000019204000 	C:\Program Files\Java\jdk1.8.0_202\jre\bin\api-ms-win-crt-string-l1-1-0.dll
0x0000000019210000 - 0x0000000019213000 	C:\Program Files\Java\jdk1.8.0_202\jre\bin\api-ms-win-crt-time-l1-1-0.dll
0x0000000019220000 - 0x0000000019223000 	C:\Program Files\Java\jdk1.8.0_202\jre\bin\api-ms-win-crt-utility-l1-1-0.dll
0x00007ffce53c0000 - 0x00007ffce54b6000 	C:\Program Files\Java\jdk1.8.0_202\jre\bin\ucrtbase.dll
0x00007ffd2ca40000 - 0x00007ffd2ca56000 	C:\Program Files\Java\jdk1.8.0_202\jre\bin\vcruntime140.dll
0x00007ffd21830000 - 0x00007ffd218cc000 	C:\Program Files\Java\jdk1.8.0_202\jre\bin\msvcp140.dll
0x00007ffd244b0000 - 0x00007ffd24501000 	C:\Program Files\Java\jdk1.8.0_202\jre\bin\concrt140.dll
0x00007ffd2c8d0000 - 0x00007ffd2c8f3000 	C:\Program Files\Java\jdk1.8.0_202\jre\bin\prism_d3d.dll
0x00007ffcd5850000 - 0x00007ffcd59f9000 	C:\WINDOWS\system32\d3d9.dll
0x00007ffd2d2e0000 - 0x00007ffd2d30b000 	C:\WINDOWS\SYSTEM32\dwmapi.dll
0x00007ffd2d280000 - 0x00007ffd2d2b9000 	C:\WINDOWS\SYSTEM32\dxcore.dll
0x00007ffd2d0a0000 - 0x00007ffd2d14b000 	C:\WINDOWS\system32\uxtheme.dll
0x00007ffd23b00000 - 0x00007ffd23b4a000 	C:\WINDOWS\SYSTEM32\directxdatabasehelper.dll
0x00007ffd2f120000 - 0x00007ffd2f138000 	C:\WINDOWS\SYSTEM32\kernel.appcore.dll
0x00007ffd2fcb0000 - 0x00007ffd2fcc2000 	C:\WINDOWS\SYSTEM32\msasn1.dll
0x00007ffd285f0000 - 0x00007ffd28622000 	C:\WINDOWS\SYSTEM32\cryptnet.dll
0x00007ffd30690000 - 0x00007ffd307f6000 	C:\WINDOWS\System32\CRYPT32.dll
0x00007ffd2f830000 - 0x00007ffd2f83c000 	C:\WINDOWS\SYSTEM32\cryptbase.dll
0x00007ffd303c0000 - 0x00007ffd3042b000 	C:\WINDOWS\System32\wintrust.dll
0x00007ffd31df0000 - 0x00007ffd31e0f000 	C:\WINDOWS\System32\imagehlp.dll
0x00007ffd2f810000 - 0x00007ffd2f82b000 	C:\WINDOWS\SYSTEM32\CRYPTSP.dll
0x00007ffd2f080000 - 0x00007ffd2f0b5000 	C:\WINDOWS\system32\rsaenh.dll
0x00007ffd30550000 - 0x00007ffd305c9000 	C:\WINDOWS\System32\bcryptPrimitives.dll
0x00007ffd24420000 - 0x00007ffd24469000 	C:\Program Files\Java\jdk1.8.0_202\jre\bin\glass.dll
0x00007ffd318e0000 - 0x00007ffd319d9000 	C:\WINDOWS\System32\COMDLG32.dll
0x00007ffd31e20000 - 0x00007ffd31fc5000 	C:\WINDOWS\System32\ole32.dll
0x00007ffd30a20000 - 0x00007ffd30af7000 	C:\WINDOWS\System32\OLEAUT32.dll
0x00007ffd312a0000 - 0x00007ffd313f3000 	C:\WINDOWS\System32\MSCTF.dll
0x00007ffcec950000 - 0x00007ffceca0c000 	C:\WINDOWS\System32\DriverStore\FileRepository\nvlt.inf_amd64_e251f9aa505cc24f\nvldumdx.dll
0x00007ffd28470000 - 0x00007ffd285c8000 	C:\WINDOWS\SYSTEM32\drvstore.dll
0x00007ffd2fcd0000 - 0x00007ffd2fcfc000 	C:\WINDOWS\SYSTEM32\devobj.dll
0x00007ffd2fd00000 - 0x00007ffd2fd4e000 	C:\WINDOWS\SYSTEM32\cfgmgr32.dll
0x00007ffd2f8c0000 - 0x00007ffd2f908000 	C:\WINDOWS\SYSTEM32\wldp.dll
0x00007ffcc5350000 - 0x00007ffcc84db000 	C:\WINDOWS\System32\DriverStore\FileRepository\nvlt.inf_amd64_e251f9aa505cc24f\nvd3dumx.dll
0x00007ffcd68c0000 - 0x00007ffcd6b83000 	C:\WINDOWS\system32\nvspcap64.dll
0x00007ffd2f140000 - 0x00007ffd2f174000 	C:\WINDOWS\SYSTEM32\ntmarta.dll
0x00007ffd2f650000 - 0x00007ffd2f676000 	C:\WINDOWS\SYSTEM32\gpapi.dll
0x00007ffcd5400000 - 0x00007ffcd5638000 	C:\WINDOWS\System32\DriverStore\FileRepository\iigd_dch.inf_amd64_a582115f5de863e1\igdumdim64.dll
0x00007ffcc8990000 - 0x00007ffcc9d00000 	C:\WINDOWS\System32\DriverStore\FileRepository\iigd_dch.inf_amd64_a582115f5de863e1\igd9dxva64.dll
0x00007ffd30d70000 - 0x00007ffd311e4000 	C:\WINDOWS\System32\SETUPAPI.dll
0x00007ffcb1020000 - 0x00007ffcb2d41000 	C:\WINDOWS\System32\DriverStore\FileRepository\iigd_dch.inf_amd64_a582115f5de863e1\media_bin_64.dll
0x00007ffd06f00000 - 0x00007ffd07338000 	C:\WINDOWS\System32\DriverStore\FileRepository\iigd_dch.inf_amd64_a582115f5de863e1\igdgmm64.dll
0x00007ffcd7260000 - 0x00007ffcd7287000 	C:\WINDOWS\System32\DriverStore\FileRepository\iigd_dch.inf_amd64_a582115f5de863e1\igdinfo64.dll
0x00007ffd03050000 - 0x00007ffd06efd000 	C:\WINDOWS\System32\DriverStore\FileRepository\iigd_dch.inf_amd64_a582115f5de863e1\igc64.dll
0x00007ffd2c140000 - 0x00007ffd2c154000 	C:\Program Files\Java\jdk1.8.0_202\jre\bin\javafx_font.dll
0x00007ffd2bec0000 - 0x00007ffd2c134000 	C:\WINDOWS\SYSTEM32\dwrite.dll
0x00007ffd32060000 - 0x00007ffd32110000 	C:\WINDOWS\System32\clbcatq.dll
0x00007ffd2c6a0000 - 0x00007ffd2c850000 	C:\WINDOWS\SYSTEM32\WindowsCodecs.dll
0x00007ffd264d0000 - 0x00007ffd2652e000 	C:\WINDOWS\system32\dataexchange.dll
0x00007ffd10bd0000 - 0x00007ffd10e5e000 	C:\WINDOWS\system32\twinapi.appcore.dll
0x00007ffd00b80000 - 0x00007ffd00bb2000 	C:\Program Files\Common Files\Microsoft Shared\Ink\rtscom.dll
0x00007ffd0bad0000 - 0x00007ffd0bc1a000 	C:\WINDOWS\SYSTEM32\textinputframework.dll
0x00007ffd2cca0000 - 0x00007ffd2cdd4000 	C:\WINDOWS\SYSTEM32\CoreMessaging.dll
0x00007ffd0b380000 - 0x00007ffd0b6ec000 	C:\WINDOWS\SYSTEM32\CoreUIComponents.dll
0x00007ffd2a680000 - 0x00007ffd2a692000 	C:\Program Files\Java\jdk1.8.0_202\jre\bin\prism_common.dll
0x00007ffd243f0000 - 0x00007ffd24416000 	C:\Program Files\Java\jdk1.8.0_202\jre\bin\javafx_iio.dll
0x00007ffd2b8c0000 - 0x00007ffd2beae000 	C:\WINDOWS\SYSTEM32\d2d1.dll

VM Arguments:
jvm_args: -Dfile.encoding=UTF-8 
java_command: C:\Users\Lenovo\OneDrive\Documents\GitHub\CSE213OOP\dist\run169572371\Group_18_ISP_CSE213.jar
java_class_path (initial): C:\Users\Lenovo\OneDrive\Documents\GitHub\CSE213OOP\dist\run169572371\Group_18_ISP_CSE213.jar
Launcher Type: SUN_STANDARD

Environment Variables:
PATH=C:\Program Files (x86)\Common Files\Oracle\Java\javapath;C:\Windows\system32;C:\Windows;C:\Windows\System32\Wbem;C:\Windows\System32\WindowsPowerShell\v1.0\;C:\Windows\System32\OpenSSH\;C:\Program Files (x86)\NVIDIA Corporation\PhysX\Common;C:\Program Files\NVIDIA Corporation\NVIDIA NvDLISR;C:\WINDOWS\system32;C:\WINDOWS;C:\WINDOWS\System32\Wbem;C:\WINDOWS\System32\WindowsPowerShell\v1.0\;C:\WINDOWS\System32\OpenSSH\;C:\Program Files\dotnet\;C:\Program Files\Cloudflare\Cloudflare WARP\;C:\xampp\php;C:\ProgramData\ComposerSetup\bin;C:\Program Files\nodejs\;C:\Program Files\Git\cmd;C:\Program Files\Git\bin;C:\Users\Lenovo\AppData\Local\Microsoft\WindowsApps;C:\Users\Lenovo\AppData\Local\Programs\Microsoft VS Code\bin;C:\Users\Lenovo\AppData\Roaming\Composer\vendor\bin;C:\Users\Lenovo\AppData\Roaming\npm;C:\Users\Lenovo\AppData\Local\JetBrains\IntelliJ IDEA Community Edition 2023.2.2\bin;;C:\Program Files\JetBrains\PhpStorm 2023.2.3\bin;;C:\Users\Lenovo\.dotnet\tools;C:\Program Files\Git\bin;C:\Users\Lenovo\AppData\Local\GitHubDesktop\bin
USERNAME=Lenovo
OS=Windows_NT
PROCESSOR_IDENTIFIER=Intel64 Family 6 Model 140 Stepping 1, GenuineIntel



---------------  S Y S T E M  ---------------

OS: Windows 10.0 , 64 bit Build 22621 (10.0.22621.3374)

CPU:total 4 (initial active 4) (4 cores per cpu, 2 threads per core) family 6 model 140 stepping 1, cmov, cx8, fxsr, mmx, sse, sse2, sse3, ssse3, sse4.1, sse4.2, popcnt, avx, avx2, aes, clmul, erms, 3dnowpref, lzcnt, ht, tsc, tscinvbit, bmi1, bmi2, adx

Memory: 4k page, physical 8183096k(398992k free), swap 18144568k(2684k free)

vm_info: Java HotSpot(TM) 64-Bit Server VM (25.202-b08) for windows-amd64 JRE (1.8.0_202-b08), built on Dec 15 2018 19:54:30 by "java_re" with MS VC++ 10.0 (VS2010)

time: Sat Apr 06 03:45:04 2024
timezone: Bangladesh Standard Time
elapsed time: 9 seconds (0d 0h 0m 9s)

